{"C:\\OtusReact\\дипломная\\3DViewer\\simple-viewer\\src\\api\\ModelApi.ts": {"path":"C:\\OtusReact\\дипломная\\3DViewer\\simple-viewer\\src\\api\\ModelApi.ts","statementMap":{"0":{"start":{"line":2,"column":14},"end":{"line":2,"column":79}},"1":{"start":{"line":2,"column":30},"end":{"line":2,"column":79}},"2":{"start":{"line":2,"column":55},"end":{"line":2,"column":78}},"3":{"start":{"line":3,"column":28},"end":{"line":6,"column":1}},"4":{"start":{"line":4,"column":2},"end":{"line":4,"column":18}},"5":{"start":{"line":5,"column":2},"end":{"line":5,"column":44}},"6":{"start":{"line":5,"column":33},"end":{"line":5,"column":42}},"7":{"start":{"line":8,"column":34},"end":{"line":11,"column":1}},"8":{"start":{"line":9,"column":2},"end":{"line":9,"column":18}},"9":{"start":{"line":10,"column":2},"end":{"line":10,"column":58}},"10":{"start":{"line":10,"column":33},"end":{"line":10,"column":56}}},"fnMap":{"0":{"name":"(anonymous_0)","decl":{"start":{"line":2,"column":14},"end":{"line":2,"column":15}},"loc":{"start":{"line":2,"column":30},"end":{"line":2,"column":79}},"line":2},"1":{"name":"(anonymous_1)","decl":{"start":{"line":2,"column":42},"end":{"line":2,"column":43}},"loc":{"start":{"line":2,"column":55},"end":{"line":2,"column":78}},"line":2},"2":{"name":"(anonymous_2)","decl":{"start":{"line":3,"column":28},"end":{"line":3,"column":29}},"loc":{"start":{"line":3,"column":40},"end":{"line":6,"column":1}},"line":3},"3":{"name":"(anonymous_3)","decl":{"start":{"line":5,"column":27},"end":{"line":5,"column":28}},"loc":{"start":{"line":5,"column":33},"end":{"line":5,"column":42}},"line":5},"4":{"name":"(anonymous_4)","decl":{"start":{"line":8,"column":34},"end":{"line":8,"column":35}},"loc":{"start":{"line":8,"column":56},"end":{"line":11,"column":1}},"line":8},"5":{"name":"(anonymous_5)","decl":{"start":{"line":10,"column":27},"end":{"line":10,"column":28}},"loc":{"start":{"line":10,"column":33},"end":{"line":10,"column":56}},"line":10}},"branchMap":{},"s":{"0":5,"1":0,"2":0,"3":5,"4":0,"5":0,"6":0,"7":5,"8":0,"9":0,"10":0},"f":{"0":0,"1":0,"2":0,"3":0,"4":0,"5":0},"b":{},"_coverageSchema":"1a1c01bbd47fc00a2c39e90264f33305004495a9","hash":"2b94a36f92345a4b734da246ee87334576ffd2ba"}
,"C:\\OtusReact\\дипломная\\3DViewer\\simple-viewer\\src\\components\\app\\App.tsx": {"path":"C:\\OtusReact\\дипломная\\3DViewer\\simple-viewer\\src\\components\\app\\App.tsx","statementMap":{"0":{"start":{"line":10,"column":19},"end":{"line":25,"column":1}},"1":{"start":{"line":11,"column":19},"end":{"line":11,"column":32}},"2":{"start":{"line":12,"column":2},"end":{"line":18,"column":3}},"3":{"start":{"line":14,"column":6},"end":{"line":14,"column":27}},"4":{"start":{"line":19,"column":2},"end":{"line":24,"column":3}}},"fnMap":{"0":{"name":"(anonymous_0)","decl":{"start":{"line":10,"column":19},"end":{"line":10,"column":20}},"loc":{"start":{"line":10,"column":37},"end":{"line":25,"column":1}},"line":10},"1":{"name":"(anonymous_1)","decl":{"start":{"line":13,"column":4},"end":{"line":13,"column":5}},"loc":{"start":{"line":13,"column":10},"end":{"line":15,"column":5}},"line":13}},"branchMap":{},"s":{"0":1,"1":1,"2":1,"3":1,"4":1},"f":{"0":1,"1":1},"b":{},"_coverageSchema":"1a1c01bbd47fc00a2c39e90264f33305004495a9","hash":"59a9b19eb7c55f02fc610c3ec4da03ef0bab4292"}
,"C:\\OtusReact\\дипломная\\3DViewer\\simple-viewer\\src\\components\\block\\Block.tsx": {"path":"C:\\OtusReact\\дипломная\\3DViewer\\simple-viewer\\src\\components\\block\\Block.tsx","statementMap":{"0":{"start":{"line":13,"column":37},"end":{"line":37,"column":1}},"1":{"start":{"line":14,"column":2},"end":{"line":36,"column":8}}},"fnMap":{"0":{"name":"(anonymous_0)","decl":{"start":{"line":13,"column":37},"end":{"line":13,"column":38}},"loc":{"start":{"line":14,"column":2},"end":{"line":36,"column":8}},"line":14}},"branchMap":{},"s":{"0":4,"1":27},"f":{"0":27},"b":{},"_coverageSchema":"1a1c01bbd47fc00a2c39e90264f33305004495a9","hash":"25469f3b997cc9d94c07f549f23d1ccc99ea103a"}
,"C:\\OtusReact\\дипломная\\3DViewer\\simple-viewer\\src\\components\\buttonpanel\\ButtonPanel.tsx": {"path":"C:\\OtusReact\\дипломная\\3DViewer\\simple-viewer\\src\\components\\buttonpanel\\ButtonPanel.tsx","statementMap":{"0":{"start":{"line":10,"column":55},"end":{"line":21,"column":1}},"1":{"start":{"line":15,"column":2},"end":{"line":20,"column":3}}},"fnMap":{"0":{"name":"(anonymous_0)","decl":{"start":{"line":10,"column":55},"end":{"line":10,"column":56}},"loc":{"start":{"line":14,"column":6},"end":{"line":21,"column":1}},"line":14}},"branchMap":{"0":{"loc":{"start":{"line":17,"column":7},"end":{"line":17,"column":71}},"type":"cond-expr","locations":[{"start":{"line":17,"column":15},"end":{"line":17,"column":63}},{"start":{"line":17,"column":66},"end":{"line":17,"column":71}}],"line":17}},"s":{"0":5,"1":29},"f":{"0":29},"b":{"0":[28,1]},"_coverageSchema":"1a1c01bbd47fc00a2c39e90264f33305004495a9","hash":"cb7fd75760890229ba2ef554c0a64f25e1558b70"}
,"C:\\OtusReact\\дипломная\\3DViewer\\simple-viewer\\src\\components\\checkbox\\Checkbox.tsx": {"path":"C:\\OtusReact\\дипломная\\3DViewer\\simple-viewer\\src\\components\\checkbox\\Checkbox.tsx","statementMap":{"0":{"start":{"line":8,"column":24},"end":{"line":37,"column":1}},"1":{"start":{"line":9,"column":22},"end":{"line":9,"column":52}},"2":{"start":{"line":10,"column":2},"end":{"line":25,"column":20}},"3":{"start":{"line":12,"column":4},"end":{"line":24,"column":5}},"4":{"start":{"line":13,"column":6},"end":{"line":23,"column":7}},"5":{"start":{"line":14,"column":8},"end":{"line":14,"column":42}},"6":{"start":{"line":15,"column":8},"end":{"line":15,"column":49}},"7":{"start":{"line":16,"column":13},"end":{"line":23,"column":7}},"8":{"start":{"line":18,"column":8},"end":{"line":18,"column":43}},"9":{"start":{"line":19,"column":8},"end":{"line":19,"column":49}},"10":{"start":{"line":21,"column":8},"end":{"line":21,"column":43}},"11":{"start":{"line":22,"column":8},"end":{"line":22,"column":48}},"12":{"start":{"line":27,"column":2},"end":{"line":36,"column":3}},"13":{"start":{"line":33,"column":8},"end":{"line":33,"column":75}}},"fnMap":{"0":{"name":"(anonymous_0)","decl":{"start":{"line":8,"column":24},"end":{"line":8,"column":25}},"loc":{"start":{"line":8,"column":70},"end":{"line":37,"column":1}},"line":8},"1":{"name":"(anonymous_1)","decl":{"start":{"line":10,"column":12},"end":{"line":10,"column":13}},"loc":{"start":{"line":10,"column":18},"end":{"line":25,"column":3}},"line":10},"2":{"name":"(anonymous_2)","decl":{"start":{"line":32,"column":15},"end":{"line":32,"column":16}},"loc":{"start":{"line":33,"column":8},"end":{"line":33,"column":75}},"line":33}},"branchMap":{"0":{"loc":{"start":{"line":12,"column":4},"end":{"line":24,"column":5}},"type":"if","locations":[{"start":{"line":12,"column":4},"end":{"line":24,"column":5}},{"start":{},"end":{}}],"line":12},"1":{"loc":{"start":{"line":13,"column":6},"end":{"line":23,"column":7}},"type":"if","locations":[{"start":{"line":13,"column":6},"end":{"line":23,"column":7}},{"start":{"line":16,"column":13},"end":{"line":23,"column":7}}],"line":13},"2":{"loc":{"start":{"line":16,"column":13},"end":{"line":23,"column":7}},"type":"if","locations":[{"start":{"line":16,"column":13},"end":{"line":23,"column":7}},{"start":{"line":20,"column":13},"end":{"line":23,"column":7}}],"line":16},"3":{"loc":{"start":{"line":33,"column":16},"end":{"line":33,"column":74}},"type":"cond-expr","locations":[{"start":{"line":33,"column":69},"end":{"line":33,"column":70}},{"start":{"line":33,"column":73},"end":{"line":33,"column":74}}],"line":33},"4":{"loc":{"start":{"line":33,"column":16},"end":{"line":33,"column":66}},"type":"binary-expr","locations":[{"start":{"line":33,"column":16},"end":{"line":33,"column":35}},{"start":{"line":33,"column":39},"end":{"line":33,"column":66}}],"line":33}},"s":{"0":6,"1":486,"2":486,"3":269,"4":269,"5":263,"6":263,"7":6,"8":3,"9":3,"10":3,"11":3,"12":486,"13":7},"f":{"0":486,"1":269,"2":7},"b":{"0":[269,0],"1":[263,6],"2":[3,3],"3":[4,3],"4":[7,7]},"_coverageSchema":"1a1c01bbd47fc00a2c39e90264f33305004495a9","hash":"e55d786ca97e0f040492f18c2cd2b96f17085044"}
,"C:\\OtusReact\\дипломная\\3DViewer\\simple-viewer\\src\\components\\list\\AttributeList.tsx": {"path":"C:\\OtusReact\\дипломная\\3DViewer\\simple-viewer\\src\\components\\list\\AttributeList.tsx","statementMap":{"0":{"start":{"line":17,"column":29},"end":{"line":53,"column":1}},"1":{"start":{"line":18,"column":19},"end":{"line":18,"column":32}},"2":{"start":{"line":19,"column":25},"end":{"line":21,"column":3}},"3":{"start":{"line":22,"column":30},"end":{"line":25,"column":27}},"4":{"start":{"line":27,"column":2},"end":{"line":29,"column":22}},"5":{"start":{"line":28,"column":4},"end":{"line":28,"column":67}},"6":{"start":{"line":30,"column":2},"end":{"line":52,"column":3}},"7":{"start":{"line":43,"column":10},"end":{"line":46,"column":15}}},"fnMap":{"0":{"name":"(anonymous_0)","decl":{"start":{"line":17,"column":29},"end":{"line":17,"column":30}},"loc":{"start":{"line":17,"column":37},"end":{"line":53,"column":1}},"line":17},"1":{"name":"(anonymous_1)","decl":{"start":{"line":27,"column":12},"end":{"line":27,"column":13}},"loc":{"start":{"line":27,"column":18},"end":{"line":29,"column":3}},"line":27},"2":{"name":"(anonymous_2)","decl":{"start":{"line":42,"column":39},"end":{"line":42,"column":40}},"loc":{"start":{"line":43,"column":10},"end":{"line":46,"column":15}},"line":43}},"branchMap":{"0":{"loc":{"start":{"line":30,"column":9},"end":{"line":52,"column":3}},"type":"cond-expr","locations":[{"start":{"line":34,"column":4},"end":{"line":49,"column":12}},{"start":{"line":51,"column":4},"end":{"line":51,"column":30}}],"line":30},"1":{"loc":{"start":{"line":30,"column":9},"end":{"line":33,"column":29}},"type":"binary-expr","locations":[{"start":{"line":30,"column":9},"end":{"line":30,"column":28}},{"start":{"line":31,"column":4},"end":{"line":31,"column":33}},{"start":{"line":32,"column":4},"end":{"line":32,"column":34}},{"start":{"line":33,"column":4},"end":{"line":33,"column":29}}],"line":30}},"s":{"0":3,"1":14,"2":14,"3":14,"4":14,"5":7,"6":14,"7":0},"f":{"0":14,"1":7,"2":0},"b":{"0":[0,14],"1":[14,14,14,2]},"_coverageSchema":"1a1c01bbd47fc00a2c39e90264f33305004495a9","hash":"44f4341c925ffd95c8d8ad061635ba2e0be5e849"}
,"C:\\OtusReact\\дипломная\\3DViewer\\simple-viewer\\src\\components\\modelblock\\ModelBlock.tsx": {"path":"C:\\OtusReact\\дипломная\\3DViewer\\simple-viewer\\src\\components\\modelblock\\ModelBlock.tsx","statementMap":{"0":{"start":{"line":14,"column":26},"end":{"line":99,"column":1}},"1":{"start":{"line":15,"column":19},"end":{"line":15,"column":32}},"2":{"start":{"line":17,"column":54},"end":{"line":17,"column":68}},"3":{"start":{"line":18,"column":2},"end":{"line":20,"column":27}},"4":{"start":{"line":19,"column":4},"end":{"line":19,"column":51}},"5":{"start":{"line":21,"column":20},"end":{"line":23,"column":3}},"6":{"start":{"line":24,"column":28},"end":{"line":26,"column":3}},"7":{"start":{"line":25,"column":4},"end":{"line":25,"column":41}},"8":{"start":{"line":25,"column":35},"end":{"line":25,"column":40}},"9":{"start":{"line":27,"column":30},"end":{"line":29,"column":3}},"10":{"start":{"line":28,"column":4},"end":{"line":28,"column":22}},"11":{"start":{"line":30,"column":32},"end":{"line":32,"column":3}},"12":{"start":{"line":31,"column":4},"end":{"line":31,"column":24}},"13":{"start":{"line":33,"column":19},"end":{"line":33,"column":42}},"14":{"start":{"line":34,"column":18},"end":{"line":64,"column":3}},"15":{"start":{"line":65,"column":2},"end":{"line":98,"column":3}}},"fnMap":{"0":{"name":"(anonymous_0)","decl":{"start":{"line":14,"column":26},"end":{"line":14,"column":27}},"loc":{"start":{"line":14,"column":51},"end":{"line":99,"column":1}},"line":14},"1":{"name":"(anonymous_1)","decl":{"start":{"line":18,"column":12},"end":{"line":18,"column":13}},"loc":{"start":{"line":18,"column":18},"end":{"line":20,"column":3}},"line":18},"2":{"name":"(anonymous_2)","decl":{"start":{"line":24,"column":28},"end":{"line":24,"column":29}},"loc":{"start":{"line":24,"column":34},"end":{"line":26,"column":3}},"line":24},"3":{"name":"(anonymous_3)","decl":{"start":{"line":25,"column":25},"end":{"line":25,"column":26}},"loc":{"start":{"line":25,"column":35},"end":{"line":25,"column":40}},"line":25},"4":{"name":"(anonymous_4)","decl":{"start":{"line":27,"column":30},"end":{"line":27,"column":31}},"loc":{"start":{"line":27,"column":36},"end":{"line":29,"column":3}},"line":27},"5":{"name":"(anonymous_5)","decl":{"start":{"line":30,"column":32},"end":{"line":30,"column":33}},"loc":{"start":{"line":30,"column":38},"end":{"line":32,"column":3}},"line":30}},"branchMap":{"0":{"loc":{"start":{"line":19,"column":13},"end":{"line":19,"column":50}},"type":"cond-expr","locations":[{"start":{"line":19,"column":35},"end":{"line":19,"column":41}},{"start":{"line":19,"column":44},"end":{"line":19,"column":50}}],"line":19},"1":{"loc":{"start":{"line":39,"column":8},"end":{"line":41,"column":40}},"type":"cond-expr","locations":[{"start":{"line":40,"column":12},"end":{"line":40,"column":40}},{"start":{"line":41,"column":12},"end":{"line":41,"column":40}}],"line":39},"2":{"loc":{"start":{"line":45,"column":8},"end":{"line":47,"column":37}},"type":"cond-expr","locations":[{"start":{"line":46,"column":12},"end":{"line":46,"column":35}},{"start":{"line":47,"column":12},"end":{"line":47,"column":37}}],"line":45},"3":{"loc":{"start":{"line":77,"column":12},"end":{"line":77,"column":78}},"type":"cond-expr","locations":[{"start":{"line":77,"column":34},"end":{"line":77,"column":55}},{"start":{"line":77,"column":58},"end":{"line":77,"column":78}}],"line":77},"4":{"loc":{"start":{"line":80,"column":11},"end":{"line":84,"column":11}},"type":"cond-expr","locations":[{"start":{"line":81,"column":12},"end":{"line":81,"column":66}},{"start":{"line":83,"column":12},"end":{"line":83,"column":41}}],"line":80},"5":{"loc":{"start":{"line":80,"column":11},"end":{"line":80,"column":67}},"type":"binary-expr","locations":[{"start":{"line":80,"column":11},"end":{"line":80,"column":20}},{"start":{"line":80,"column":24},"end":{"line":80,"column":44}},{"start":{"line":80,"column":48},"end":{"line":80,"column":67}}],"line":80},"6":{"loc":{"start":{"line":88,"column":7},"end":{"line":96,"column":7}},"type":"cond-expr","locations":[{"start":{"line":89,"column":8},"end":{"line":93,"column":16}},{"start":{"line":95,"column":8},"end":{"line":95,"column":13}}],"line":88}},"s":{"0":2,"1":9,"2":9,"3":9,"4":7,"5":9,"6":9,"7":2,"8":2,"9":9,"10":1,"11":9,"12":1,"13":9,"14":9,"15":9},"f":{"0":9,"1":7,"2":2,"3":2,"4":1,"5":1},"b":{"0":[6,1],"1":[8,1],"2":[8,1],"3":[8,1],"4":[7,2],"5":[9,9,7],"6":[8,1]},"_coverageSchema":"1a1c01bbd47fc00a2c39e90264f33305004495a9","hash":"ae2f8a37ed381470cb632fbc7f93104a21a5dec7"}
,"C:\\OtusReact\\дипломная\\3DViewer\\simple-viewer\\src\\components\\tree\\ModelTree.tsx": {"path":"C:\\OtusReact\\дипломная\\3DViewer\\simple-viewer\\src\\components\\tree\\ModelTree.tsx","statementMap":{"0":{"start":{"line":18,"column":29},"end":{"line":24,"column":1}},"1":{"start":{"line":23,"column":2},"end":{"line":23,"column":58}},"2":{"start":{"line":26,"column":29},"end":{"line":31,"column":1}},"3":{"start":{"line":30,"column":2},"end":{"line":30,"column":31}},"4":{"start":{"line":33,"column":20},"end":{"line":54,"column":1}},"5":{"start":{"line":39,"column":2},"end":{"line":53,"column":3}},"6":{"start":{"line":44,"column":8},"end":{"line":44,"column":52}},"7":{"start":{"line":47,"column":8},"end":{"line":47,"column":48}},"8":{"start":{"line":56,"column":22},"end":{"line":79,"column":1}},"9":{"start":{"line":64,"column":2},"end":{"line":78,"column":3}},"10":{"start":{"line":73,"column":8},"end":{"line":73,"column":52}},"11":{"start":{"line":81,"column":27},"end":{"line":130,"column":1}},"12":{"start":{"line":88,"column":23},"end":{"line":88,"column":36}},"13":{"start":{"line":89,"column":22},"end":{"line":89,"column":51}},"14":{"start":{"line":90,"column":2},"end":{"line":129,"column":3}},"15":{"start":{"line":91,"column":4},"end":{"line":99,"column":5}},"16":{"start":{"line":101,"column":24},"end":{"line":101,"column":33}},"17":{"start":{"line":103,"column":21},"end":{"line":103,"column":23}},"18":{"start":{"line":104,"column":4},"end":{"line":117,"column":5}},"19":{"start":{"line":108,"column":37},"end":{"line":114,"column":7}},"20":{"start":{"line":115,"column":6},"end":{"line":115,"column":34}},"21":{"start":{"line":116,"column":6},"end":{"line":116,"column":25}},"22":{"start":{"line":118,"column":4},"end":{"line":128,"column":5}},"23":{"start":{"line":132,"column":18},"end":{"line":153,"column":1}},"24":{"start":{"line":138,"column":14},"end":{"line":138,"column":15}},"25":{"start":{"line":140,"column":35},"end":{"line":140,"column":37}},"26":{"start":{"line":141,"column":2},"end":{"line":151,"column":3}},"27":{"start":{"line":142,"column":35},"end":{"line":148,"column":5}},"28":{"start":{"line":149,"column":4},"end":{"line":149,"column":24}},"29":{"start":{"line":150,"column":4},"end":{"line":150,"column":24}},"30":{"start":{"line":152,"column":2},"end":{"line":152,"column":18}},"31":{"start":{"line":155,"column":51},"end":{"line":179,"column":1}},"32":{"start":{"line":156,"column":19},"end":{"line":156,"column":32}},"33":{"start":{"line":157,"column":22},"end":{"line":159,"column":3}},"34":{"start":{"line":160,"column":21},"end":{"line":160,"column":78}},"35":{"start":{"line":162,"column":2},"end":{"line":168,"column":19}},"36":{"start":{"line":163,"column":4},"end":{"line":167,"column":5}},"37":{"start":{"line":164,"column":31},"end":{"line":164,"column":55}},"38":{"start":{"line":165,"column":6},"end":{"line":165,"column":38}},"39":{"start":{"line":166,"column":6},"end":{"line":166,"column":46}},"40":{"start":{"line":170,"column":2},"end":{"line":178,"column":3}}},"fnMap":{"0":{"name":"(anonymous_0)","decl":{"start":{"line":18,"column":29},"end":{"line":18,"column":30}},"loc":{"start":{"line":22,"column":5},"end":{"line":24,"column":1}},"line":22},"1":{"name":"(anonymous_1)","decl":{"start":{"line":26,"column":29},"end":{"line":26,"column":30}},"loc":{"start":{"line":29,"column":5},"end":{"line":31,"column":1}},"line":29},"2":{"name":"(anonymous_2)","decl":{"start":{"line":33,"column":20},"end":{"line":33,"column":21}},"loc":{"start":{"line":38,"column":5},"end":{"line":54,"column":1}},"line":38},"3":{"name":"(anonymous_3)","decl":{"start":{"line":43,"column":23},"end":{"line":43,"column":24}},"loc":{"start":{"line":43,"column":34},"end":{"line":45,"column":7}},"line":43},"4":{"name":"(anonymous_4)","decl":{"start":{"line":46,"column":18},"end":{"line":46,"column":19}},"loc":{"start":{"line":46,"column":24},"end":{"line":48,"column":7}},"line":46},"5":{"name":"(anonymous_5)","decl":{"start":{"line":56,"column":22},"end":{"line":56,"column":23}},"loc":{"start":{"line":63,"column":5},"end":{"line":79,"column":1}},"line":63},"6":{"name":"(anonymous_6)","decl":{"start":{"line":72,"column":23},"end":{"line":72,"column":24}},"loc":{"start":{"line":72,"column":34},"end":{"line":74,"column":7}},"line":72},"7":{"name":"(anonymous_7)","decl":{"start":{"line":81,"column":27},"end":{"line":81,"column":28}},"loc":{"start":{"line":87,"column":50},"end":{"line":130,"column":1}},"line":87},"8":{"name":"(anonymous_8)","decl":{"start":{"line":132,"column":18},"end":{"line":132,"column":19}},"loc":{"start":{"line":137,"column":5},"end":{"line":153,"column":1}},"line":137},"9":{"name":"(anonymous_9)","decl":{"start":{"line":155,"column":51},"end":{"line":155,"column":52}},"loc":{"start":{"line":155,"column":67},"end":{"line":179,"column":1}},"line":155},"10":{"name":"(anonymous_10)","decl":{"start":{"line":162,"column":12},"end":{"line":162,"column":13}},"loc":{"start":{"line":162,"column":18},"end":{"line":168,"column":3}},"line":162}},"branchMap":{"0":{"loc":{"start":{"line":90,"column":2},"end":{"line":129,"column":3}},"type":"if","locations":[{"start":{"line":90,"column":2},"end":{"line":129,"column":3}},{"start":{"line":100,"column":9},"end":{"line":129,"column":3}}],"line":90},"1":{"loc":{"start":{"line":105,"column":6},"end":{"line":106,"column":48}},"type":"binary-expr","locations":[{"start":{"line":105,"column":6},"end":{"line":105,"column":35}},{"start":{"line":106,"column":6},"end":{"line":106,"column":48}}],"line":105},"2":{"loc":{"start":{"line":141,"column":9},"end":{"line":141,"column":40}},"type":"binary-expr","locations":[{"start":{"line":141,"column":9},"end":{"line":141,"column":15}},{"start":{"line":141,"column":19},"end":{"line":141,"column":40}}],"line":141},"3":{"loc":{"start":{"line":163,"column":4},"end":{"line":167,"column":5}},"type":"if","locations":[{"start":{"line":163,"column":4},"end":{"line":167,"column":5}},{"start":{},"end":{}}],"line":163},"4":{"loc":{"start":{"line":172,"column":7},"end":{"line":176,"column":7}},"type":"cond-expr","locations":[{"start":{"line":173,"column":8},"end":{"line":173,"column":60}},{"start":{"line":175,"column":8},"end":{"line":175,"column":37}}],"line":172}},"s":{"0":3,"1":2,"2":3,"3":1,"4":3,"5":266,"6":1,"7":1,"8":3,"9":181,"10":1,"11":3,"12":447,"13":447,"14":447,"15":266,"16":181,"17":181,"18":181,"19":416,"20":416,"21":416,"22":181,"23":3,"24":15,"25":15,"26":15,"27":31,"28":31,"29":31,"30":15,"31":3,"32":22,"33":22,"34":22,"35":22,"36":18,"37":7,"38":7,"39":7,"40":22},"f":{"0":2,"1":1,"2":266,"3":1,"4":1,"5":181,"6":1,"7":447,"8":15,"9":22,"10":18},"b":{"0":[266,181],"1":[597,540],"2":[46,46],"3":[7,11],"4":[15,7]},"_coverageSchema":"1a1c01bbd47fc00a2c39e90264f33305004495a9","hash":"1238f66bb2b45630482ea5515fc8ad458f0e564c"}
,"C:\\OtusReact\\дипломная\\3DViewer\\simple-viewer\\src\\components\\treeleaf\\TreeLeaf.tsx": {"path":"C:\\OtusReact\\дипломная\\3DViewer\\simple-viewer\\src\\components\\treeleaf\\TreeLeaf.tsx","statementMap":{"0":{"start":{"line":13,"column":49},"end":{"line":32,"column":1}},"1":{"start":{"line":20,"column":2},"end":{"line":31,"column":3}}},"fnMap":{"0":{"name":"(anonymous_0)","decl":{"start":{"line":13,"column":49},"end":{"line":13,"column":50}},"loc":{"start":{"line":19,"column":6},"end":{"line":32,"column":1}},"line":19}},"branchMap":{},"s":{"0":5,"1":271},"f":{"0":271},"b":{},"_coverageSchema":"1a1c01bbd47fc00a2c39e90264f33305004495a9","hash":"452162d26fffc1febd76377af82ebe93a0daadd6"}
,"C:\\OtusReact\\дипломная\\3DViewer\\simple-viewer\\src\\components\\treeparent\\TreeParent.tsx": {"path":"C:\\OtusReact\\дипломная\\3DViewer\\simple-viewer\\src\\components\\treeparent\\TreeParent.tsx","statementMap":{"0":{"start":{"line":14,"column":53},"end":{"line":70,"column":1}},"1":{"start":{"line":22,"column":34},"end":{"line":22,"column":50}},"2":{"start":{"line":24,"column":2},"end":{"line":28,"column":14}},"3":{"start":{"line":25,"column":4},"end":{"line":27,"column":5}},"4":{"start":{"line":26,"column":6},"end":{"line":26,"column":25}},"5":{"start":{"line":30,"column":27},"end":{"line":30,"column":29}},"6":{"start":{"line":31,"column":2},"end":{"line":54,"column":3}},"7":{"start":{"line":41,"column":10},"end":{"line":41,"column":38}},"8":{"start":{"line":41,"column":32},"end":{"line":41,"column":37}},"9":{"start":{"line":48,"column":10},"end":{"line":48,"column":28}},"10":{"start":{"line":55,"column":2},"end":{"line":64,"column":3}},"11":{"start":{"line":65,"column":2},"end":{"line":69,"column":3}}},"fnMap":{"0":{"name":"(anonymous_0)","decl":{"start":{"line":14,"column":53},"end":{"line":14,"column":54}},"loc":{"start":{"line":21,"column":6},"end":{"line":70,"column":1}},"line":21},"1":{"name":"(anonymous_1)","decl":{"start":{"line":24,"column":12},"end":{"line":24,"column":13}},"loc":{"start":{"line":24,"column":18},"end":{"line":28,"column":3}},"line":24},"2":{"name":"(anonymous_2)","decl":{"start":{"line":40,"column":17},"end":{"line":40,"column":18}},"loc":{"start":{"line":40,"column":23},"end":{"line":42,"column":9}},"line":40},"3":{"name":"(anonymous_3)","decl":{"start":{"line":41,"column":22},"end":{"line":41,"column":23}},"loc":{"start":{"line":41,"column":32},"end":{"line":41,"column":37}},"line":41},"4":{"name":"(anonymous_4)","decl":{"start":{"line":47,"column":17},"end":{"line":47,"column":18}},"loc":{"start":{"line":47,"column":24},"end":{"line":49,"column":9}},"line":47}},"branchMap":{"0":{"loc":{"start":{"line":25,"column":4},"end":{"line":27,"column":5}},"type":"if","locations":[{"start":{"line":25,"column":4},"end":{"line":27,"column":5}},{"start":{},"end":{}}],"line":25},"1":{"loc":{"start":{"line":60,"column":17},"end":{"line":60,"column":57}},"type":"cond-expr","locations":[{"start":{"line":60,"column":28},"end":{"line":60,"column":41}},{"start":{"line":60,"column":44},"end":{"line":60,"column":57}}],"line":60}},"s":{"0":4,"1":212,"2":212,"3":133,"4":26,"5":212,"6":212,"7":1,"8":1,"9":2,"10":212,"11":212},"f":{"0":212,"1":133,"2":1,"3":1,"4":2},"b":{"0":[26,107],"1":[183,29]},"_coverageSchema":"1a1c01bbd47fc00a2c39e90264f33305004495a9","hash":"80717d2d46f6fc08b91346eb6eb3ff814548f2bb"}
,"C:\\OtusReact\\дипломная\\3DViewer\\simple-viewer\\src\\components\\viewerblock\\ViewerBlock.tsx": {"path":"C:\\OtusReact\\дипломная\\3DViewer\\simple-viewer\\src\\components\\viewerblock\\ViewerBlock.tsx","statementMap":{"0":{"start":{"line":17,"column":27},"end":{"line":145,"column":1}},"1":{"start":{"line":18,"column":19},"end":{"line":18,"column":32}},"2":{"start":{"line":20,"column":30},"end":{"line":20,"column":43}},"3":{"start":{"line":21,"column":42},"end":{"line":21,"column":53}},"4":{"start":{"line":22,"column":48},"end":{"line":22,"column":63}},"5":{"start":{"line":24,"column":2},"end":{"line":46,"column":45}},"6":{"start":{"line":26,"column":33},"end":{"line":26,"column":35}},"7":{"start":{"line":27,"column":4},"end":{"line":36,"column":5}},"8":{"start":{"line":29,"column":8},"end":{"line":29,"column":32}},"9":{"start":{"line":30,"column":8},"end":{"line":30,"column":13}},"10":{"start":{"line":32,"column":8},"end":{"line":32,"column":32}},"11":{"start":{"line":33,"column":8},"end":{"line":33,"column":13}},"12":{"start":{"line":35,"column":8},"end":{"line":35,"column":32}},"13":{"start":{"line":37,"column":4},"end":{"line":45,"column":5}},"14":{"start":{"line":48,"column":24},"end":{"line":50,"column":3}},"15":{"start":{"line":49,"column":4},"end":{"line":49,"column":60}},"16":{"start":{"line":51,"column":30},"end":{"line":53,"column":3}},"17":{"start":{"line":52,"column":4},"end":{"line":52,"column":64}},"18":{"start":{"line":54,"column":28},"end":{"line":56,"column":3}},"19":{"start":{"line":55,"column":4},"end":{"line":55,"column":37}},"20":{"start":{"line":57,"column":31},"end":{"line":59,"column":3}},"21":{"start":{"line":58,"column":4},"end":{"line":58,"column":47}},"22":{"start":{"line":60,"column":25},"end":{"line":62,"column":3}},"23":{"start":{"line":61,"column":4},"end":{"line":61,"column":29}},"24":{"start":{"line":63,"column":31},"end":{"line":65,"column":3}},"25":{"start":{"line":64,"column":4},"end":{"line":64,"column":39}},"26":{"start":{"line":64,"column":33},"end":{"line":64,"column":38}},"27":{"start":{"line":66,"column":18},"end":{"line":137,"column":3}},"28":{"start":{"line":110,"column":10},"end":{"line":112,"column":19}},"29":{"start":{"line":124,"column":10},"end":{"line":126,"column":19}},"30":{"start":{"line":138,"column":2},"end":{"line":144,"column":3}}},"fnMap":{"0":{"name":"(anonymous_0)","decl":{"start":{"line":17,"column":27},"end":{"line":17,"column":28}},"loc":{"start":{"line":17,"column":33},"end":{"line":145,"column":1}},"line":17},"1":{"name":"(anonymous_1)","decl":{"start":{"line":24,"column":12},"end":{"line":24,"column":13}},"loc":{"start":{"line":24,"column":18},"end":{"line":46,"column":3}},"line":24},"2":{"name":"(anonymous_2)","decl":{"start":{"line":48,"column":24},"end":{"line":48,"column":25}},"loc":{"start":{"line":48,"column":69},"end":{"line":50,"column":3}},"line":48},"3":{"name":"(anonymous_3)","decl":{"start":{"line":51,"column":30},"end":{"line":51,"column":31}},"loc":{"start":{"line":51,"column":75},"end":{"line":53,"column":3}},"line":51},"4":{"name":"(anonymous_4)","decl":{"start":{"line":54,"column":28},"end":{"line":54,"column":29}},"loc":{"start":{"line":54,"column":34},"end":{"line":56,"column":3}},"line":54},"5":{"name":"(anonymous_5)","decl":{"start":{"line":57,"column":31},"end":{"line":57,"column":32}},"loc":{"start":{"line":57,"column":75},"end":{"line":59,"column":3}},"line":57},"6":{"name":"(anonymous_6)","decl":{"start":{"line":60,"column":25},"end":{"line":60,"column":26}},"loc":{"start":{"line":60,"column":70},"end":{"line":62,"column":3}},"line":60},"7":{"name":"(anonymous_7)","decl":{"start":{"line":63,"column":31},"end":{"line":63,"column":32}},"loc":{"start":{"line":63,"column":37},"end":{"line":65,"column":3}},"line":63},"8":{"name":"(anonymous_8)","decl":{"start":{"line":64,"column":23},"end":{"line":64,"column":24}},"loc":{"start":{"line":64,"column":33},"end":{"line":64,"column":38}},"line":64},"9":{"name":"(anonymous_9)","decl":{"start":{"line":109,"column":24},"end":{"line":109,"column":25}},"loc":{"start":{"line":110,"column":10},"end":{"line":112,"column":19}},"line":110},"10":{"name":"(anonymous_10)","decl":{"start":{"line":123,"column":26},"end":{"line":123,"column":27}},"loc":{"start":{"line":124,"column":10},"end":{"line":126,"column":19}},"line":124}},"branchMap":{"0":{"loc":{"start":{"line":27,"column":4},"end":{"line":36,"column":5}},"type":"switch","locations":[{"start":{"line":28,"column":6},"end":{"line":30,"column":13}},{"start":{"line":31,"column":6},"end":{"line":33,"column":13}},{"start":{"line":34,"column":6},"end":{"line":35,"column":32}}],"line":27}},"s":{"0":2,"1":11,"2":11,"3":11,"4":11,"5":11,"6":11,"7":11,"8":9,"9":9,"10":1,"11":1,"12":1,"13":11,"14":11,"15":1,"16":11,"17":1,"18":11,"19":1,"20":11,"21":1,"22":11,"23":3,"24":11,"25":1,"26":1,"27":11,"28":66,"29":66,"30":11},"f":{"0":11,"1":11,"2":1,"3":1,"4":1,"5":1,"6":3,"7":1,"8":1,"9":66,"10":66},"b":{"0":[9,1,1]},"_coverageSchema":"1a1c01bbd47fc00a2c39e90264f33305004495a9","hash":"a538583634763573ec01f8962eeeb535c7f843fc"}
,"C:\\OtusReact\\дипломная\\3DViewer\\simple-viewer\\src\\modelstubs\\FigureGenerator.ts": {"path":"C:\\OtusReact\\дипломная\\3DViewer\\simple-viewer\\src\\modelstubs\\FigureGenerator.ts","statementMap":{"0":{"start":{"line":1,"column":27},"end":{"line":12,"column":1}},"1":{"start":{"line":2,"column":18},"end":{"line":2,"column":36}},"2":{"start":{"line":3,"column":14},"end":{"line":3,"column":17}},"3":{"start":{"line":4,"column":2},"end":{"line":6,"column":3}},"4":{"start":{"line":4,"column":15},"end":{"line":4,"column":16}},"5":{"start":{"line":5,"column":4},"end":{"line":5,"column":52}},"6":{"start":{"line":7,"column":2},"end":{"line":7,"column":15}},"7":{"start":{"line":8,"column":2},"end":{"line":10,"column":3}},"8":{"start":{"line":8,"column":15},"end":{"line":8,"column":16}},"9":{"start":{"line":9,"column":4},"end":{"line":9,"column":52}},"10":{"start":{"line":11,"column":2},"end":{"line":11,"column":14}},"11":{"start":{"line":13,"column":24},"end":{"line":77,"column":1}},"12":{"start":{"line":14,"column":20},"end":{"line":14,"column":21}},"13":{"start":{"line":15,"column":20},"end":{"line":15,"column":21}},"14":{"start":{"line":16,"column":20},"end":{"line":16,"column":21}},"15":{"start":{"line":17,"column":26},"end":{"line":17,"column":27}},"16":{"start":{"line":18,"column":26},"end":{"line":18,"column":27}},"17":{"start":{"line":19,"column":26},"end":{"line":19,"column":27}},"18":{"start":{"line":21,"column":17},"end":{"line":30,"column":3}},"19":{"start":{"line":31,"column":17},"end":{"line":40,"column":3}},"20":{"start":{"line":41,"column":17},"end":{"line":50,"column":3}},"21":{"start":{"line":52,"column":19},"end":{"line":62,"column":3}},"22":{"start":{"line":52,"column":59},"end":{"line":62,"column":3}},"23":{"start":{"line":63,"column":15},"end":{"line":63,"column":17}},"24":{"start":{"line":64,"column":2},"end":{"line":64,"column":33}},"25":{"start":{"line":65,"column":2},"end":{"line":65,"column":33}},"26":{"start":{"line":66,"column":2},"end":{"line":66,"column":33}},"27":{"start":{"line":67,"column":2},"end":{"line":67,"column":33}},"28":{"start":{"line":68,"column":2},"end":{"line":68,"column":33}},"29":{"start":{"line":69,"column":2},"end":{"line":69,"column":33}},"30":{"start":{"line":70,"column":2},"end":{"line":70,"column":33}},"31":{"start":{"line":71,"column":2},"end":{"line":71,"column":33}},"32":{"start":{"line":72,"column":2},"end":{"line":72,"column":33}},"33":{"start":{"line":73,"column":2},"end":{"line":73,"column":33}},"34":{"start":{"line":74,"column":2},"end":{"line":74,"column":33}},"35":{"start":{"line":75,"column":2},"end":{"line":75,"column":33}},"36":{"start":{"line":76,"column":2},"end":{"line":76,"column":13}},"37":{"start":{"line":79,"column":29},"end":{"line":147,"column":1}},"38":{"start":{"line":80,"column":20},"end":{"line":80,"column":40}},"39":{"start":{"line":81,"column":20},"end":{"line":81,"column":40}},"40":{"start":{"line":82,"column":20},"end":{"line":82,"column":40}},"41":{"start":{"line":83,"column":26},"end":{"line":83,"column":44}},"42":{"start":{"line":84,"column":26},"end":{"line":84,"column":44}},"43":{"start":{"line":85,"column":26},"end":{"line":85,"column":44}},"44":{"start":{"line":87,"column":26},"end":{"line":87,"column":45}},"45":{"start":{"line":88,"column":26},"end":{"line":88,"column":45}},"46":{"start":{"line":89,"column":26},"end":{"line":89,"column":45}},"47":{"start":{"line":90,"column":17},"end":{"line":96,"column":3}},"48":{"start":{"line":91,"column":15},"end":{"line":91,"column":33}},"49":{"start":{"line":92,"column":15},"end":{"line":92,"column":33}},"50":{"start":{"line":93,"column":15},"end":{"line":93,"column":33}},"51":{"start":{"line":94,"column":20},"end":{"line":94,"column":57}},"52":{"start":{"line":95,"column":4},"end":{"line":95,"column":44}},"53":{"start":{"line":97,"column":17},"end":{"line":106,"column":3}},"54":{"start":{"line":107,"column":17},"end":{"line":116,"column":3}},"55":{"start":{"line":117,"column":17},"end":{"line":126,"column":3}},"56":{"start":{"line":128,"column":19},"end":{"line":132,"column":3}},"57":{"start":{"line":128,"column":59},"end":{"line":132,"column":3}},"58":{"start":{"line":133,"column":15},"end":{"line":133,"column":17}},"59":{"start":{"line":134,"column":2},"end":{"line":134,"column":33}},"60":{"start":{"line":135,"column":2},"end":{"line":135,"column":33}},"61":{"start":{"line":136,"column":2},"end":{"line":136,"column":33}},"62":{"start":{"line":137,"column":2},"end":{"line":137,"column":33}},"63":{"start":{"line":138,"column":2},"end":{"line":138,"column":33}},"64":{"start":{"line":139,"column":2},"end":{"line":139,"column":33}},"65":{"start":{"line":140,"column":2},"end":{"line":140,"column":33}},"66":{"start":{"line":141,"column":2},"end":{"line":141,"column":33}},"67":{"start":{"line":142,"column":2},"end":{"line":142,"column":33}},"68":{"start":{"line":143,"column":2},"end":{"line":143,"column":33}},"69":{"start":{"line":144,"column":2},"end":{"line":144,"column":33}},"70":{"start":{"line":145,"column":2},"end":{"line":145,"column":33}},"71":{"start":{"line":146,"column":2},"end":{"line":146,"column":13}},"72":{"start":{"line":149,"column":29},"end":{"line":193,"column":1}},"73":{"start":{"line":150,"column":20},"end":{"line":150,"column":40}},"74":{"start":{"line":151,"column":20},"end":{"line":151,"column":40}},"75":{"start":{"line":152,"column":20},"end":{"line":152,"column":40}},"76":{"start":{"line":153,"column":25},"end":{"line":153,"column":43}},"77":{"start":{"line":154,"column":20},"end":{"line":154,"column":38}},"78":{"start":{"line":156,"column":26},"end":{"line":156,"column":45}},"79":{"start":{"line":157,"column":26},"end":{"line":157,"column":45}},"80":{"start":{"line":158,"column":26},"end":{"line":158,"column":45}},"81":{"start":{"line":159,"column":17},"end":{"line":165,"column":3}},"82":{"start":{"line":160,"column":15},"end":{"line":160,"column":33}},"83":{"start":{"line":161,"column":15},"end":{"line":161,"column":33}},"84":{"start":{"line":162,"column":15},"end":{"line":162,"column":33}},"85":{"start":{"line":163,"column":20},"end":{"line":163,"column":57}},"86":{"start":{"line":164,"column":4},"end":{"line":164,"column":44}},"87":{"start":{"line":167,"column":17},"end":{"line":172,"column":3}},"88":{"start":{"line":173,"column":17},"end":{"line":178,"column":3}},"89":{"start":{"line":179,"column":17},"end":{"line":179,"column":38}},"90":{"start":{"line":181,"column":19},"end":{"line":185,"column":3}},"91":{"start":{"line":181,"column":59},"end":{"line":185,"column":3}},"92":{"start":{"line":186,"column":21},"end":{"line":186,"column":23}},"93":{"start":{"line":187,"column":2},"end":{"line":187,"column":39}},"94":{"start":{"line":188,"column":2},"end":{"line":188,"column":39}},"95":{"start":{"line":189,"column":2},"end":{"line":189,"column":39}},"96":{"start":{"line":190,"column":2},"end":{"line":190,"column":39}},"97":{"start":{"line":192,"column":2},"end":{"line":192,"column":19}},"98":{"start":{"line":195,"column":21},"end":{"line":222,"column":1}},"99":{"start":{"line":201,"column":20},"end":{"line":201,"column":21}},"100":{"start":{"line":203,"column":15},"end":{"line":203,"column":16}},"101":{"start":{"line":204,"column":15},"end":{"line":204,"column":16}},"102":{"start":{"line":205,"column":15},"end":{"line":205,"column":16}},"103":{"start":{"line":207,"column":2},"end":{"line":207,"column":69}},"104":{"start":{"line":208,"column":2},"end":{"line":208,"column":69}},"105":{"start":{"line":210,"column":2},"end":{"line":210,"column":9}},"106":{"start":{"line":211,"column":2},"end":{"line":211,"column":9}},"107":{"start":{"line":213,"column":2},"end":{"line":213,"column":69}},"108":{"start":{"line":214,"column":2},"end":{"line":214,"column":70}},"109":{"start":{"line":216,"column":2},"end":{"line":216,"column":9}},"110":{"start":{"line":217,"column":2},"end":{"line":217,"column":9}},"111":{"start":{"line":219,"column":2},"end":{"line":219,"column":69}},"112":{"start":{"line":220,"column":2},"end":{"line":220,"column":69}},"113":{"start":{"line":221,"column":2},"end":{"line":221,"column":10}},"114":{"start":{"line":224,"column":20},"end":{"line":225,"column":35}},"115":{"start":{"line":225,"column":2},"end":{"line":225,"column":35}},"116":{"start":{"line":226,"column":18},"end":{"line":226,"column":64}},"117":{"start":{"line":226,"column":39},"end":{"line":226,"column":64}}},"fnMap":{"0":{"name":"(anonymous_0)","decl":{"start":{"line":1,"column":27},"end":{"line":1,"column":28}},"loc":{"start":{"line":1,"column":33},"end":{"line":12,"column":1}},"line":1},"1":{"name":"(anonymous_1)","decl":{"start":{"line":13,"column":24},"end":{"line":13,"column":25}},"loc":{"start":{"line":13,"column":30},"end":{"line":77,"column":1}},"line":13},"2":{"name":"(anonymous_2)","decl":{"start":{"line":52,"column":19},"end":{"line":52,"column":20}},"loc":{"start":{"line":52,"column":59},"end":{"line":62,"column":3}},"line":52},"3":{"name":"(anonymous_3)","decl":{"start":{"line":79,"column":29},"end":{"line":79,"column":30}},"loc":{"start":{"line":79,"column":35},"end":{"line":147,"column":1}},"line":79},"4":{"name":"(anonymous_4)","decl":{"start":{"line":90,"column":17},"end":{"line":90,"column":18}},"loc":{"start":{"line":90,"column":54},"end":{"line":96,"column":3}},"line":90},"5":{"name":"(anonymous_5)","decl":{"start":{"line":128,"column":19},"end":{"line":128,"column":20}},"loc":{"start":{"line":128,"column":59},"end":{"line":132,"column":3}},"line":128},"6":{"name":"(anonymous_6)","decl":{"start":{"line":149,"column":29},"end":{"line":149,"column":30}},"loc":{"start":{"line":149,"column":35},"end":{"line":193,"column":1}},"line":149},"7":{"name":"(anonymous_7)","decl":{"start":{"line":159,"column":17},"end":{"line":159,"column":18}},"loc":{"start":{"line":159,"column":54},"end":{"line":165,"column":3}},"line":159},"8":{"name":"(anonymous_8)","decl":{"start":{"line":181,"column":19},"end":{"line":181,"column":20}},"loc":{"start":{"line":181,"column":59},"end":{"line":185,"column":3}},"line":181},"9":{"name":"(anonymous_9)","decl":{"start":{"line":195,"column":21},"end":{"line":195,"column":22}},"loc":{"start":{"line":200,"column":5},"end":{"line":222,"column":1}},"line":200},"10":{"name":"(anonymous_10)","decl":{"start":{"line":224,"column":20},"end":{"line":224,"column":21}},"loc":{"start":{"line":225,"column":2},"end":{"line":225,"column":35}},"line":225},"11":{"name":"(anonymous_11)","decl":{"start":{"line":226,"column":18},"end":{"line":226,"column":19}},"loc":{"start":{"line":226,"column":39},"end":{"line":226,"column":64}},"line":226}},"branchMap":{},"s":{"0":10,"1":180,"2":180,"3":180,"4":180,"5":360,"6":180,"7":180,"8":180,"9":360,"10":180,"11":10,"12":1,"13":1,"14":1,"15":1,"16":1,"17":1,"18":1,"19":1,"20":1,"21":1,"22":12,"23":1,"24":1,"25":1,"26":1,"27":1,"28":1,"29":1,"30":1,"31":1,"32":1,"33":1,"34":1,"35":1,"36":1,"37":10,"38":117,"39":117,"40":117,"41":117,"42":117,"43":117,"44":117,"45":117,"46":117,"47":117,"48":4212,"49":4212,"50":4212,"51":4212,"52":4212,"53":117,"54":117,"55":117,"56":117,"57":1404,"58":117,"59":117,"60":117,"61":117,"62":117,"63":117,"64":117,"65":117,"66":117,"67":117,"68":117,"69":117,"70":117,"71":117,"72":10,"73":63,"74":63,"75":63,"76":63,"77":63,"78":63,"79":63,"80":63,"81":63,"82":756,"83":756,"84":756,"85":756,"86":756,"87":63,"88":63,"89":63,"90":63,"91":252,"92":63,"93":63,"94":63,"95":63,"96":63,"97":63,"98":10,"99":4968,"100":4968,"101":4968,"102":4968,"103":4968,"104":4968,"105":4968,"106":4968,"107":4968,"108":4968,"109":4968,"110":4968,"111":4968,"112":4968,"113":4968,"114":10,"115":1557,"116":10,"117":15156},"f":{"0":180,"1":1,"2":12,"3":117,"4":4212,"5":1404,"6":63,"7":756,"8":252,"9":4968,"10":1557,"11":15156},"b":{},"_coverageSchema":"1a1c01bbd47fc00a2c39e90264f33305004495a9","hash":"8bf313cf07e0e8c15af7a661b7605780387e18d0"}
,"C:\\OtusReact\\дипломная\\3DViewer\\simple-viewer\\src\\modelstubs\\ModelStub.ts": {"path":"C:\\OtusReact\\дипломная\\3DViewer\\simple-viewer\\src\\modelstubs\\ModelStub.ts","statementMap":{"0":{"start":{"line":5,"column":34},"end":{"line":146,"column":1}},"1":{"start":{"line":148,"column":51},"end":{"line":609,"column":1}},"2":{"start":{"line":611,"column":36},"end":{"line":633,"column":1}},"3":{"start":{"line":635,"column":55},"end":{"line":644,"column":1}}},"fnMap":{},"branchMap":{},"s":{"0":9,"1":9,"2":9,"3":9},"f":{},"b":{},"_coverageSchema":"1a1c01bbd47fc00a2c39e90264f33305004495a9","hash":"1d9fd9dabf47f487add953039110e2ab362e8dc0"}
,"C:\\OtusReact\\дипломная\\3DViewer\\simple-viewer\\src\\redux\\attributeSlice.ts": {"path":"C:\\OtusReact\\дипломная\\3DViewer\\simple-viewer\\src\\redux\\attributeSlice.ts","statementMap":{"0":{"start":{"line":6,"column":22},"end":{"line":8,"column":1}},"1":{"start":{"line":7,"column":2},"end":{"line":7,"column":24}},"2":{"start":{"line":9,"column":22},"end":{"line":11,"column":1}},"3":{"start":{"line":10,"column":2},"end":{"line":10,"column":25}},"4":{"start":{"line":13,"column":30},"end":{"line":22,"column":2}},"5":{"start":{"line":23,"column":30},"end":{"line":23,"column":52}}},"fnMap":{"0":{"name":"(anonymous_0)","decl":{"start":{"line":6,"column":22},"end":{"line":6,"column":23}},"loc":{"start":{"line":6,"column":54},"end":{"line":8,"column":1}},"line":6},"1":{"name":"(anonymous_1)","decl":{"start":{"line":9,"column":22},"end":{"line":9,"column":23}},"loc":{"start":{"line":9,"column":54},"end":{"line":11,"column":1}},"line":9}},"branchMap":{},"s":{"0":8,"1":7,"2":8,"3":2,"4":8,"5":8},"f":{"0":7,"1":2},"b":{},"_coverageSchema":"1a1c01bbd47fc00a2c39e90264f33305004495a9","hash":"8ffa75ef73c826085509de04994c9570d0aa22af"}
,"C:\\OtusReact\\дипломная\\3DViewer\\simple-viewer\\src\\redux\\checkboxSlice.ts": {"path":"C:\\OtusReact\\дипломная\\3DViewer\\simple-viewer\\src\\redux\\checkboxSlice.ts","statementMap":{"0":{"start":{"line":12,"column":22},"end":{"line":15,"column":1}},"1":{"start":{"line":13,"column":2},"end":{"line":13,"column":66}},"2":{"start":{"line":14,"column":2},"end":{"line":14,"column":61}},"3":{"start":{"line":16,"column":28},"end":{"line":23,"column":1}},"4":{"start":{"line":17,"column":2},"end":{"line":22,"column":3}},"5":{"start":{"line":24,"column":23},"end":{"line":27,"column":1}},"6":{"start":{"line":25,"column":2},"end":{"line":25,"column":18}},"7":{"start":{"line":26,"column":2},"end":{"line":26,"column":17}},"8":{"start":{"line":29,"column":29},"end":{"line":40,"column":2}},"9":{"start":{"line":41,"column":39},"end":{"line":41,"column":60}}},"fnMap":{"0":{"name":"(anonymous_0)","decl":{"start":{"line":12,"column":22},"end":{"line":12,"column":23}},"loc":{"start":{"line":12,"column":73},"end":{"line":15,"column":1}},"line":12},"1":{"name":"(anonymous_1)","decl":{"start":{"line":16,"column":28},"end":{"line":16,"column":29}},"loc":{"start":{"line":16,"column":79},"end":{"line":23,"column":1}},"line":16},"2":{"name":"(anonymous_2)","decl":{"start":{"line":24,"column":23},"end":{"line":24,"column":24}},"loc":{"start":{"line":24,"column":54},"end":{"line":27,"column":1}},"line":24}},"branchMap":{"0":{"loc":{"start":{"line":13,"column":16},"end":{"line":13,"column":66}},"type":"cond-expr","locations":[{"start":{"line":13,"column":40},"end":{"line":13,"column":61}},{"start":{"line":13,"column":64},"end":{"line":13,"column":66}}],"line":13},"1":{"loc":{"start":{"line":14,"column":15},"end":{"line":14,"column":61}},"type":"cond-expr","locations":[{"start":{"line":14,"column":37},"end":{"line":14,"column":56}},{"start":{"line":14,"column":59},"end":{"line":14,"column":61}}],"line":14}},"s":{"0":8,"1":9,"2":9,"3":8,"4":3,"5":8,"6":1,"7":1,"8":8,"9":8},"f":{"0":9,"1":3,"2":1},"b":{"0":[8,1],"1":[8,1]},"_coverageSchema":"1a1c01bbd47fc00a2c39e90264f33305004495a9","hash":"34df02a33e9ec60983911df2fdad52cc5fb9c85e"}
,"C:\\OtusReact\\дипломная\\3DViewer\\simple-viewer\\src\\redux\\loadAttributesSlice.ts": {"path":"C:\\OtusReact\\дипломная\\3DViewer\\simple-viewer\\src\\redux\\loadAttributesSlice.ts","statementMap":{"0":{"start":{"line":15,"column":27},"end":{"line":21,"column":1}},"1":{"start":{"line":19,"column":2},"end":{"line":19,"column":24}},"2":{"start":{"line":20,"column":2},"end":{"line":20,"column":40}},"3":{"start":{"line":22,"column":29},"end":{"line":29,"column":1}},"4":{"start":{"line":26,"column":2},"end":{"line":26,"column":41}},"5":{"start":{"line":27,"column":2},"end":{"line":27,"column":25}},"6":{"start":{"line":28,"column":2},"end":{"line":28,"column":24}},"7":{"start":{"line":31,"column":29},"end":{"line":34,"column":1}},"8":{"start":{"line":32,"column":2},"end":{"line":32,"column":25}},"9":{"start":{"line":33,"column":2},"end":{"line":33,"column":25}},"10":{"start":{"line":35,"column":34},"end":{"line":47,"column":2}},"11":{"start":{"line":52,"column":4},"end":{"line":52,"column":30}}},"fnMap":{"0":{"name":"(anonymous_0)","decl":{"start":{"line":15,"column":27},"end":{"line":15,"column":28}},"loc":{"start":{"line":18,"column":5},"end":{"line":21,"column":1}},"line":18},"1":{"name":"(anonymous_1)","decl":{"start":{"line":22,"column":29},"end":{"line":22,"column":30}},"loc":{"start":{"line":25,"column":5},"end":{"line":29,"column":1}},"line":25},"2":{"name":"(anonymous_2)","decl":{"start":{"line":31,"column":29},"end":{"line":31,"column":30}},"loc":{"start":{"line":31,"column":67},"end":{"line":34,"column":1}},"line":31}},"branchMap":{},"s":{"0":10,"1":11,"2":11,"3":10,"4":10,"5":10,"6":10,"7":10,"8":2,"9":2,"10":10,"11":10},"f":{"0":11,"1":10,"2":2},"b":{},"_coverageSchema":"1a1c01bbd47fc00a2c39e90264f33305004495a9","hash":"f0a4c9aab4359ae5736cb113faea6d8ad85ddeb1"}
,"C:\\OtusReact\\дипломная\\3DViewer\\simple-viewer\\src\\redux\\loadModelSlice.ts": {"path":"C:\\OtusReact\\дипломная\\3DViewer\\simple-viewer\\src\\redux\\loadModelSlice.ts","statementMap":{"0":{"start":{"line":12,"column":27},"end":{"line":14,"column":1}},"1":{"start":{"line":13,"column":2},"end":{"line":13,"column":24}},"2":{"start":{"line":16,"column":29},"end":{"line":23,"column":1}},"3":{"start":{"line":20,"column":2},"end":{"line":20,"column":37}},"4":{"start":{"line":21,"column":2},"end":{"line":21,"column":25}},"5":{"start":{"line":22,"column":2},"end":{"line":22,"column":24}},"6":{"start":{"line":25,"column":29},"end":{"line":28,"column":1}},"7":{"start":{"line":26,"column":2},"end":{"line":26,"column":25}},"8":{"start":{"line":27,"column":2},"end":{"line":27,"column":25}},"9":{"start":{"line":30,"column":30},"end":{"line":42,"column":2}},"10":{"start":{"line":43,"column":58},"end":{"line":43,"column":80}}},"fnMap":{"0":{"name":"(anonymous_0)","decl":{"start":{"line":12,"column":27},"end":{"line":12,"column":28}},"loc":{"start":{"line":12,"column":59},"end":{"line":14,"column":1}},"line":12},"1":{"name":"(anonymous_1)","decl":{"start":{"line":16,"column":29},"end":{"line":16,"column":30}},"loc":{"start":{"line":19,"column":5},"end":{"line":23,"column":1}},"line":19},"2":{"name":"(anonymous_2)","decl":{"start":{"line":25,"column":29},"end":{"line":25,"column":30}},"loc":{"start":{"line":25,"column":61},"end":{"line":28,"column":1}},"line":25}},"branchMap":{},"s":{"0":10,"1":4,"2":10,"3":3,"4":3,"5":3,"6":10,"7":2,"8":2,"9":10,"10":10},"f":{"0":4,"1":3,"2":2},"b":{},"_coverageSchema":"1a1c01bbd47fc00a2c39e90264f33305004495a9","hash":"ad5aa5a23b680c756b99faba25edc53504808ae5"}
,"C:\\OtusReact\\дипломная\\3DViewer\\simple-viewer\\src\\redux\\store.ts": {"path":"C:\\OtusReact\\дипломная\\3DViewer\\simple-viewer\\src\\redux\\store.ts","statementMap":{"0":{"start":{"line":30,"column":23},"end":{"line":30,"column":45}},"1":{"start":{"line":31,"column":27},"end":{"line":39,"column":2}},"2":{"start":{"line":41,"column":26},"end":{"line":48,"column":1}},"3":{"start":{"line":42,"column":2},"end":{"line":47,"column":4}},"4":{"start":{"line":46,"column":6},"end":{"line":46,"column":51}},"5":{"start":{"line":53,"column":4},"end":{"line":53,"column":49}},"6":{"start":{"line":56,"column":0},"end":{"line":56,"column":28}},"7":{"start":{"line":58,"column":34},"end":{"line":58,"column":78}},"8":{"start":{"line":58,"column":59},"end":{"line":58,"column":78}},"9":{"start":{"line":59,"column":30},"end":{"line":59,"column":70}},"10":{"start":{"line":59,"column":55},"end":{"line":59,"column":70}},"11":{"start":{"line":60,"column":29},"end":{"line":60,"column":66}},"12":{"start":{"line":60,"column":54},"end":{"line":60,"column":66}},"13":{"start":{"line":61,"column":30},"end":{"line":61,"column":70}},"14":{"start":{"line":61,"column":55},"end":{"line":61,"column":70}},"15":{"start":{"line":62,"column":30},"end":{"line":62,"column":80}},"16":{"start":{"line":62,"column":55},"end":{"line":62,"column":80}},"17":{"start":{"line":63,"column":38},"end":{"line":64,"column":25}},"18":{"start":{"line":64,"column":2},"end":{"line":64,"column":25}},"19":{"start":{"line":65,"column":36},"end":{"line":65,"column":82}},"20":{"start":{"line":65,"column":61},"end":{"line":65,"column":82}}},"fnMap":{"0":{"name":"(anonymous_0)","decl":{"start":{"line":41,"column":26},"end":{"line":41,"column":27}},"loc":{"start":{"line":41,"column":74},"end":{"line":48,"column":1}},"line":41},"1":{"name":"(anonymous_1)","decl":{"start":{"line":45,"column":16},"end":{"line":45,"column":17}},"loc":{"start":{"line":46,"column":6},"end":{"line":46,"column":51}},"line":46},"2":{"name":"(anonymous_2)","decl":{"start":{"line":52,"column":14},"end":{"line":52,"column":15}},"loc":{"start":{"line":53,"column":4},"end":{"line":53,"column":49}},"line":53},"3":{"name":"(anonymous_3)","decl":{"start":{"line":58,"column":34},"end":{"line":58,"column":35}},"loc":{"start":{"line":58,"column":59},"end":{"line":58,"column":78}},"line":58},"4":{"name":"(anonymous_4)","decl":{"start":{"line":59,"column":30},"end":{"line":59,"column":31}},"loc":{"start":{"line":59,"column":55},"end":{"line":59,"column":70}},"line":59},"5":{"name":"(anonymous_5)","decl":{"start":{"line":60,"column":29},"end":{"line":60,"column":30}},"loc":{"start":{"line":60,"column":54},"end":{"line":60,"column":66}},"line":60},"6":{"name":"(anonymous_6)","decl":{"start":{"line":61,"column":30},"end":{"line":61,"column":31}},"loc":{"start":{"line":61,"column":55},"end":{"line":61,"column":70}},"line":61},"7":{"name":"(anonymous_7)","decl":{"start":{"line":62,"column":30},"end":{"line":62,"column":31}},"loc":{"start":{"line":62,"column":55},"end":{"line":62,"column":80}},"line":62},"8":{"name":"(anonymous_8)","decl":{"start":{"line":63,"column":38},"end":{"line":63,"column":39}},"loc":{"start":{"line":64,"column":2},"end":{"line":64,"column":25}},"line":64},"9":{"name":"(anonymous_9)","decl":{"start":{"line":65,"column":36},"end":{"line":65,"column":37}},"loc":{"start":{"line":65,"column":61},"end":{"line":65,"column":82}},"line":65}},"branchMap":{},"s":{"0":7,"1":7,"2":7,"3":14,"4":14,"5":7,"6":7,"7":7,"8":43,"9":7,"10":26,"11":7,"12":50,"13":7,"14":52,"15":7,"16":0,"17":7,"18":29,"19":7,"20":24},"f":{"0":14,"1":14,"2":7,"3":43,"4":26,"5":50,"6":52,"7":0,"8":29,"9":24},"b":{},"_coverageSchema":"1a1c01bbd47fc00a2c39e90264f33305004495a9","hash":"3fe99fb7918ff271ac8e83048824b213bbd86cc3"}
,"C:\\OtusReact\\дипломная\\3DViewer\\simple-viewer\\src\\redux\\treeSelectionSlice.ts": {"path":"C:\\OtusReact\\дипломная\\3DViewer\\simple-viewer\\src\\redux\\treeSelectionSlice.ts","statementMap":{"0":{"start":{"line":7,"column":24},"end":{"line":12,"column":1}},"1":{"start":{"line":11,"column":2},"end":{"line":11,"column":38}},"2":{"start":{"line":13,"column":23},"end":{"line":15,"column":1}},"3":{"start":{"line":14,"column":2},"end":{"line":14,"column":25}},"4":{"start":{"line":17,"column":34},"end":{"line":24,"column":2}},"5":{"start":{"line":25,"column":33},"end":{"line":25,"column":59}}},"fnMap":{"0":{"name":"(anonymous_0)","decl":{"start":{"line":7,"column":24},"end":{"line":7,"column":25}},"loc":{"start":{"line":10,"column":5},"end":{"line":12,"column":1}},"line":10},"1":{"name":"(anonymous_1)","decl":{"start":{"line":13,"column":23},"end":{"line":13,"column":24}},"loc":{"start":{"line":13,"column":59},"end":{"line":15,"column":1}},"line":13}},"branchMap":{},"s":{"0":8,"1":2,"2":8,"3":1,"4":8,"5":8},"f":{"0":2,"1":1},"b":{},"_coverageSchema":"1a1c01bbd47fc00a2c39e90264f33305004495a9","hash":"08485a1126535c35a7e0fbbd9f796b40c58c60ce"}
,"C:\\OtusReact\\дипломная\\3DViewer\\simple-viewer\\src\\redux\\treeSlice.ts": {"path":"C:\\OtusReact\\дипломная\\3DViewer\\simple-viewer\\src\\redux\\treeSlice.ts","statementMap":{"0":{"start":{"line":6,"column":24},"end":{"line":8,"column":1}},"1":{"start":{"line":7,"column":2},"end":{"line":7,"column":21}},"2":{"start":{"line":9,"column":26},"end":{"line":11,"column":1}},"3":{"start":{"line":10,"column":2},"end":{"line":10,"column":22}},"4":{"start":{"line":13,"column":25},"end":{"line":22,"column":2}},"5":{"start":{"line":23,"column":36},"end":{"line":23,"column":53}}},"fnMap":{"0":{"name":"(anonymous_0)","decl":{"start":{"line":6,"column":24},"end":{"line":6,"column":25}},"loc":{"start":{"line":6,"column":51},"end":{"line":8,"column":1}},"line":6},"1":{"name":"(anonymous_1)","decl":{"start":{"line":9,"column":26},"end":{"line":9,"column":27}},"loc":{"start":{"line":9,"column":53},"end":{"line":11,"column":1}},"line":9}},"branchMap":{},"s":{"0":8,"1":2,"2":8,"3":2,"4":8,"5":8},"f":{"0":2,"1":2},"b":{},"_coverageSchema":"1a1c01bbd47fc00a2c39e90264f33305004495a9","hash":"dfd75defbc79dad8a1efaa59152a17ced81d0fd6"}
,"C:\\OtusReact\\дипломная\\3DViewer\\simple-viewer\\src\\redux\\visualBlockSlice.ts": {"path":"C:\\OtusReact\\дипломная\\3DViewer\\simple-viewer\\src\\redux\\visualBlockSlice.ts","statementMap":{"0":{"start":{"line":23,"column":26},"end":{"line":27,"column":1}},"1":{"start":{"line":24,"column":2},"end":{"line":26,"column":3}},"2":{"start":{"line":25,"column":4},"end":{"line":25,"column":46}},"3":{"start":{"line":29,"column":28},"end":{"line":33,"column":1}},"4":{"start":{"line":30,"column":2},"end":{"line":32,"column":3}},"5":{"start":{"line":31,"column":4},"end":{"line":31,"column":50}},"6":{"start":{"line":35,"column":32},"end":{"line":37,"column":1}},"7":{"start":{"line":36,"column":2},"end":{"line":36,"column":42}},"8":{"start":{"line":39,"column":22},"end":{"line":41,"column":1}},"9":{"start":{"line":40,"column":2},"end":{"line":40,"column":36}},"10":{"start":{"line":43,"column":32},"end":{"line":56,"column":2}},"11":{"start":{"line":63,"column":4},"end":{"line":63,"column":28}}},"fnMap":{"0":{"name":"(anonymous_0)","decl":{"start":{"line":23,"column":26},"end":{"line":23,"column":27}},"loc":{"start":{"line":23,"column":75},"end":{"line":27,"column":1}},"line":23},"1":{"name":"(anonymous_1)","decl":{"start":{"line":29,"column":28},"end":{"line":29,"column":29}},"loc":{"start":{"line":29,"column":77},"end":{"line":33,"column":1}},"line":29},"2":{"name":"(anonymous_2)","decl":{"start":{"line":35,"column":32},"end":{"line":35,"column":33}},"loc":{"start":{"line":35,"column":61},"end":{"line":37,"column":1}},"line":35},"3":{"name":"(anonymous_3)","decl":{"start":{"line":39,"column":22},"end":{"line":39,"column":23}},"loc":{"start":{"line":39,"column":71},"end":{"line":41,"column":1}},"line":39}},"branchMap":{"0":{"loc":{"start":{"line":24,"column":2},"end":{"line":26,"column":3}},"type":"if","locations":[{"start":{"line":24,"column":2},"end":{"line":26,"column":3}},{"start":{},"end":{}}],"line":24},"1":{"loc":{"start":{"line":30,"column":2},"end":{"line":32,"column":3}},"type":"if","locations":[{"start":{"line":30,"column":2},"end":{"line":32,"column":3}},{"start":{},"end":{}}],"line":30}},"s":{"0":8,"1":3,"2":2,"3":8,"4":3,"5":2,"6":8,"7":2,"8":8,"9":13,"10":8,"11":8},"f":{"0":3,"1":3,"2":2,"3":13},"b":{"0":[2,1],"1":[2,1]},"_coverageSchema":"1a1c01bbd47fc00a2c39e90264f33305004495a9","hash":"89d0a304f0938a4402400ac4607cec15504b0105"}
,"C:\\OtusReact\\дипломная\\3DViewer\\simple-viewer\\src\\saga\\loadAttributeDataSaga.ts": {"path":"C:\\OtusReact\\дипломная\\3DViewer\\simple-viewer\\src\\saga\\loadAttributeDataSaga.ts","statementMap":{"0":{"start":{"line":16,"column":19},"end":{"line":16,"column":36}},"1":{"start":{"line":17,"column":2},"end":{"line":19,"column":3}},"2":{"start":{"line":18,"column":4},"end":{"line":18,"column":26}},"3":{"start":{"line":20,"column":2},"end":{"line":20,"column":37}},"4":{"start":{"line":24,"column":2},"end":{"line":38,"column":3}},"5":{"start":{"line":25,"column":41},"end":{"line":30,"column":17}},"6":{"start":{"line":32,"column":4},"end":{"line":35,"column":6}},"7":{"start":{"line":37,"column":4},"end":{"line":37,"column":54}},"8":{"start":{"line":41,"column":2},"end":{"line":41,"column":59}}},"fnMap":{"0":{"name":"fetchAsyncParam","decl":{"start":{"line":12,"column":15},"end":{"line":12,"column":30}},"loc":{"start":{"line":15,"column":2},"end":{"line":21,"column":1}},"line":15},"1":{"name":"fetchModelAttributes","decl":{"start":{"line":23,"column":10},"end":{"line":23,"column":30}},"loc":{"start":{"line":23,"column":56},"end":{"line":39,"column":1}},"line":23},"2":{"name":"attributesLoadSaga","decl":{"start":{"line":40,"column":25},"end":{"line":40,"column":43}},"loc":{"start":{"line":40,"column":46},"end":{"line":42,"column":1}},"line":40}},"branchMap":{"0":{"loc":{"start":{"line":17,"column":2},"end":{"line":19,"column":3}},"type":"if","locations":[{"start":{"line":17,"column":2},"end":{"line":19,"column":3}},{"start":{},"end":{}}],"line":17},"1":{"loc":{"start":{"line":25,"column":41},"end":{"line":30,"column":17}},"type":"cond-expr","locations":[{"start":{"line":26,"column":8},"end":{"line":29,"column":9}},{"start":{"line":30,"column":8},"end":{"line":30,"column":17}}],"line":25}},"s":{"0":2,"1":2,"2":1,"3":1,"4":10,"5":10,"6":9,"7":1,"8":10},"f":{"0":2,"1":10,"2":10},"b":{"0":[1,1],"1":[2,8]},"_coverageSchema":"1a1c01bbd47fc00a2c39e90264f33305004495a9","hash":"e9209a13da0c51634e032a2d84f330a974ef7c1e"}
,"C:\\OtusReact\\дипломная\\3DViewer\\simple-viewer\\src\\saga\\loadDataSaga.ts": {"path":"C:\\OtusReact\\дипломная\\3DViewer\\simple-viewer\\src\\saga\\loadDataSaga.ts","statementMap":{"0":{"start":{"line":12,"column":19},"end":{"line":12,"column":31}},"1":{"start":{"line":13,"column":2},"end":{"line":15,"column":3}},"2":{"start":{"line":14,"column":4},"end":{"line":14,"column":26}},"3":{"start":{"line":16,"column":2},"end":{"line":16,"column":37}},"4":{"start":{"line":20,"column":2},"end":{"line":29,"column":3}},"5":{"start":{"line":21,"column":28},"end":{"line":21,"column":67}},"6":{"start":{"line":22,"column":4},"end":{"line":22,"column":22}},"7":{"start":{"line":23,"column":4},"end":{"line":26,"column":6}},"8":{"start":{"line":28,"column":4},"end":{"line":28,"column":42}},"9":{"start":{"line":32,"column":2},"end":{"line":32,"column":41}}},"fnMap":{"0":{"name":"fetchAsync","decl":{"start":{"line":9,"column":15},"end":{"line":9,"column":25}},"loc":{"start":{"line":11,"column":2},"end":{"line":17,"column":1}},"line":11},"1":{"name":"fetchModels","decl":{"start":{"line":19,"column":10},"end":{"line":19,"column":21}},"loc":{"start":{"line":19,"column":24},"end":{"line":30,"column":1}},"line":19},"2":{"name":"modelsLoadSaga","decl":{"start":{"line":31,"column":25},"end":{"line":31,"column":39}},"loc":{"start":{"line":31,"column":42},"end":{"line":33,"column":1}},"line":31}},"branchMap":{"0":{"loc":{"start":{"line":13,"column":2},"end":{"line":15,"column":3}},"type":"if","locations":[{"start":{"line":13,"column":2},"end":{"line":15,"column":3}},{"start":{},"end":{}}],"line":13}},"s":{"0":3,"1":3,"2":2,"3":1,"4":3,"5":3,"6":2,"7":2,"8":1,"9":9},"f":{"0":3,"1":3,"2":9},"b":{"0":[2,1]},"_coverageSchema":"1a1c01bbd47fc00a2c39e90264f33305004495a9","hash":"f9eb934e455fd5a4dd3511aa1a35ad95ca152851"}
,"C:\\OtusReact\\дипломная\\3DViewer\\simple-viewer\\src\\saga\\rootSaga.ts": {"path":"C:\\OtusReact\\дипломная\\3DViewer\\simple-viewer\\src\\saga\\rootSaga.ts","statementMap":{"0":{"start":{"line":5,"column":2},"end":{"line":5,"column":61}}},"fnMap":{"0":{"name":"rootSaga","decl":{"start":{"line":4,"column":25},"end":{"line":4,"column":33}},"loc":{"start":{"line":4,"column":36},"end":{"line":6,"column":1}},"line":4}},"branchMap":{},"s":{"0":7},"f":{"0":7},"b":{},"_coverageSchema":"1a1c01bbd47fc00a2c39e90264f33305004495a9","hash":"cc5ac8b6b2bb84186f8569870bbedc1440091d81"}
,"C:\\OtusReact\\дипломная\\3DViewer\\simple-viewer\\src\\threejs\\Perspective.ts": {"path":"C:\\OtusReact\\дипломная\\3DViewer\\simple-viewer\\src\\threejs\\Perspective.ts","statementMap":{"0":{"start":{"line":10,"column":28},"end":{"line":17,"column":1}},"1":{"start":{"line":19,"column":30},"end":{"line":34,"column":1}},"2":{"start":{"line":20,"column":2},"end":{"line":33,"column":3}},"3":{"start":{"line":22,"column":6},"end":{"line":22,"column":24}},"4":{"start":{"line":24,"column":6},"end":{"line":24,"column":25}},"5":{"start":{"line":26,"column":6},"end":{"line":26,"column":24}},"6":{"start":{"line":28,"column":6},"end":{"line":28,"column":25}},"7":{"start":{"line":30,"column":6},"end":{"line":30,"column":24}},"8":{"start":{"line":32,"column":6},"end":{"line":32,"column":25}}},"fnMap":{"0":{"name":"(anonymous_0)","decl":{"start":{"line":19,"column":30},"end":{"line":19,"column":31}},"loc":{"start":{"line":19,"column":55},"end":{"line":34,"column":1}},"line":19}},"branchMap":{"0":{"loc":{"start":{"line":20,"column":2},"end":{"line":33,"column":3}},"type":"switch","locations":[{"start":{"line":21,"column":4},"end":{"line":22,"column":24}},{"start":{"line":23,"column":4},"end":{"line":24,"column":25}},{"start":{"line":25,"column":4},"end":{"line":26,"column":24}},{"start":{"line":27,"column":4},"end":{"line":28,"column":25}},{"start":{"line":29,"column":4},"end":{"line":30,"column":24}},{"start":{"line":31,"column":4},"end":{"line":32,"column":25}}],"line":20}},"s":{"0":8,"1":8,"2":26,"3":25,"4":0,"5":1,"6":0,"7":0,"8":0},"f":{"0":26},"b":{"0":[25,0,1,0,0,0]},"_coverageSchema":"1a1c01bbd47fc00a2c39e90264f33305004495a9","hash":"02dac95c76a544920d80ac8b7823e19b7a41f530"}
,"C:\\OtusReact\\дипломная\\3DViewer\\simple-viewer\\src\\threejs\\SectionHelper.ts": {"path":"C:\\OtusReact\\дипломная\\3DViewer\\simple-viewer\\src\\threejs\\SectionHelper.ts","statementMap":{"0":{"start":{"line":2,"column":18},"end":{"line":2,"column":22}},"1":{"start":{"line":4,"column":29},"end":{"line":8,"column":1}},"2":{"start":{"line":5,"column":2},"end":{"line":7,"column":43}},"3":{"start":{"line":6,"column":23},"end":{"line":6,"column":57}},"4":{"start":{"line":7,"column":30},"end":{"line":7,"column":42}},"5":{"start":{"line":18,"column":26},"end":{"line":167,"column":1}},"6":{"start":{"line":19,"column":40},"end":{"line":19,"column":42}},"7":{"start":{"line":20,"column":12},"end":{"line":20,"column":31}},"8":{"start":{"line":21,"column":8},"end":{"line":21,"column":27}},"9":{"start":{"line":22,"column":8},"end":{"line":22,"column":27}},"10":{"start":{"line":23,"column":50},"end":{"line":23,"column":52}},"11":{"start":{"line":24,"column":14},"end":{"line":24,"column":22}},"12":{"start":{"line":25,"column":12},"end":{"line":25,"column":13}},"13":{"start":{"line":27,"column":33},"end":{"line":48,"column":6}},"14":{"start":{"line":28,"column":17},"end":{"line":28,"column":34}},"15":{"start":{"line":29,"column":14},"end":{"line":29,"column":33}},"16":{"start":{"line":30,"column":4},"end":{"line":47,"column":5}},"17":{"start":{"line":36,"column":6},"end":{"line":36,"column":21}},"18":{"start":{"line":37,"column":6},"end":{"line":37,"column":19}},"19":{"start":{"line":38,"column":16},"end":{"line":38,"column":44}},"20":{"start":{"line":39,"column":6},"end":{"line":46,"column":7}},"21":{"start":{"line":40,"column":8},"end":{"line":45,"column":10}},"22":{"start":{"line":50,"column":2},"end":{"line":59,"column":3}},"23":{"start":{"line":50,"column":15},"end":{"line":50,"column":16}},"24":{"start":{"line":51,"column":4},"end":{"line":51,"column":41}},"25":{"start":{"line":52,"column":4},"end":{"line":52,"column":45}},"26":{"start":{"line":53,"column":4},"end":{"line":53,"column":45}},"27":{"start":{"line":55,"column":4},"end":{"line":55,"column":44}},"28":{"start":{"line":56,"column":4},"end":{"line":56,"column":44}},"29":{"start":{"line":57,"column":4},"end":{"line":57,"column":44}},"30":{"start":{"line":58,"column":4},"end":{"line":58,"column":9}},"31":{"start":{"line":60,"column":2},"end":{"line":82,"column":3}},"32":{"start":{"line":61,"column":40},"end":{"line":61,"column":42}},"33":{"start":{"line":63,"column":4},"end":{"line":68,"column":5}},"34":{"start":{"line":64,"column":6},"end":{"line":64,"column":54}},"35":{"start":{"line":66,"column":6},"end":{"line":66,"column":71}},"36":{"start":{"line":67,"column":6},"end":{"line":67,"column":22}},"37":{"start":{"line":69,"column":4},"end":{"line":81,"column":5}},"38":{"start":{"line":69,"column":17},"end":{"line":69,"column":18}},"39":{"start":{"line":70,"column":19},"end":{"line":70,"column":30}},"40":{"start":{"line":71,"column":33},"end":{"line":71,"column":35}},"41":{"start":{"line":72,"column":6},"end":{"line":75,"column":7}},"42":{"start":{"line":72,"column":19},"end":{"line":72,"column":20}},"43":{"start":{"line":73,"column":18},"end":{"line":73,"column":25}},"44":{"start":{"line":74,"column":8},"end":{"line":74,"column":36}},"45":{"start":{"line":76,"column":6},"end":{"line":79,"column":7}},"46":{"start":{"line":77,"column":18},"end":{"line":77,"column":25}},"47":{"start":{"line":78,"column":8},"end":{"line":78,"column":36}},"48":{"start":{"line":80,"column":6},"end":{"line":80,"column":38}},"49":{"start":{"line":89,"column":37},"end":{"line":89,"column":39}},"50":{"start":{"line":91,"column":4},"end":{"line":101,"column":5}},"51":{"start":{"line":91,"column":17},"end":{"line":91,"column":18}},"52":{"start":{"line":92,"column":6},"end":{"line":92,"column":37}},"53":{"start":{"line":92,"column":29},"end":{"line":92,"column":37}},"54":{"start":{"line":93,"column":6},"end":{"line":93,"column":28}},"55":{"start":{"line":94,"column":6},"end":{"line":94,"column":31}},"56":{"start":{"line":95,"column":6},"end":{"line":95,"column":63}},"57":{"start":{"line":96,"column":6},"end":{"line":96,"column":32}},"58":{"start":{"line":97,"column":6},"end":{"line":97,"column":30}},"59":{"start":{"line":98,"column":6},"end":{"line":98,"column":31}},"60":{"start":{"line":99,"column":6},"end":{"line":99,"column":19}},"61":{"start":{"line":100,"column":6},"end":{"line":100,"column":11}},"62":{"start":{"line":102,"column":4},"end":{"line":104,"column":5}},"63":{"start":{"line":103,"column":6},"end":{"line":103,"column":62}},"64":{"start":{"line":105,"column":4},"end":{"line":105,"column":26}},"65":{"start":{"line":106,"column":4},"end":{"line":108,"column":5}},"66":{"start":{"line":107,"column":6},"end":{"line":107,"column":52}},"67":{"start":{"line":109,"column":4},"end":{"line":109,"column":19}},"68":{"start":{"line":117,"column":20},"end":{"line":117,"column":62}},"69":{"start":{"line":118,"column":4},"end":{"line":120,"column":5}},"70":{"start":{"line":119,"column":6},"end":{"line":119,"column":14}},"71":{"start":{"line":121,"column":15},"end":{"line":121,"column":30}},"72":{"start":{"line":122,"column":4},"end":{"line":122,"column":21}},"73":{"start":{"line":123,"column":20},"end":{"line":123,"column":53}},"74":{"start":{"line":124,"column":15},"end":{"line":124,"column":30}},"75":{"start":{"line":125,"column":4},"end":{"line":125,"column":21}},"76":{"start":{"line":126,"column":4},"end":{"line":132,"column":5}},"77":{"start":{"line":127,"column":6},"end":{"line":127,"column":22}},"78":{"start":{"line":128,"column":6},"end":{"line":128,"column":52}},"79":{"start":{"line":130,"column":6},"end":{"line":130,"column":30}},"80":{"start":{"line":131,"column":6},"end":{"line":131,"column":14}},"81":{"start":{"line":136,"column":4},"end":{"line":141,"column":5}},"82":{"start":{"line":136,"column":17},"end":{"line":136,"column":18}},"83":{"start":{"line":137,"column":16},"end":{"line":137,"column":25}},"84":{"start":{"line":138,"column":6},"end":{"line":140,"column":7}},"85":{"start":{"line":139,"column":8},"end":{"line":139,"column":16}},"86":{"start":{"line":142,"column":4},"end":{"line":142,"column":13}},"87":{"start":{"line":150,"column":4},"end":{"line":155,"column":5}},"88":{"start":{"line":150,"column":17},"end":{"line":150,"column":18}},"89":{"start":{"line":151,"column":16},"end":{"line":151,"column":25}},"90":{"start":{"line":152,"column":6},"end":{"line":154,"column":7}},"91":{"start":{"line":153,"column":8},"end":{"line":153,"column":16}},"92":{"start":{"line":156,"column":4},"end":{"line":156,"column":13}},"93":{"start":{"line":160,"column":4},"end":{"line":164,"column":5}},"94":{"start":{"line":166,"column":2},"end":{"line":166,"column":26}}},"fnMap":{"0":{"name":"(anonymous_0)","decl":{"start":{"line":4,"column":29},"end":{"line":4,"column":30}},"loc":{"start":{"line":4,"column":77},"end":{"line":8,"column":1}},"line":4},"1":{"name":"(anonymous_1)","decl":{"start":{"line":6,"column":9},"end":{"line":6,"column":10}},"loc":{"start":{"line":6,"column":23},"end":{"line":6,"column":57}},"line":6},"2":{"name":"(anonymous_2)","decl":{"start":{"line":7,"column":12},"end":{"line":7,"column":13}},"loc":{"start":{"line":7,"column":30},"end":{"line":7,"column":42}},"line":7},"3":{"name":"(anonymous_3)","decl":{"start":{"line":18,"column":26},"end":{"line":18,"column":27}},"loc":{"start":{"line":18,"column":70},"end":{"line":167,"column":1}},"line":18},"4":{"name":"(anonymous_4)","decl":{"start":{"line":27,"column":34},"end":{"line":27,"column":35}},"loc":{"start":{"line":27,"column":46},"end":{"line":48,"column":3}},"line":27},"5":{"name":"setPointOfIntersection","decl":{"start":{"line":30,"column":20},"end":{"line":30,"column":42}},"loc":{"start":{"line":35,"column":6},"end":{"line":47,"column":5}},"line":35},"6":{"name":"getContours","decl":{"start":{"line":84,"column":11},"end":{"line":84,"column":22}},"loc":{"start":{"line":88,"column":12},"end":{"line":110,"column":3}},"line":88},"7":{"name":"collectContour","decl":{"start":{"line":112,"column":11},"end":{"line":112,"column":25}},"loc":{"start":{"line":116,"column":12},"end":{"line":133,"column":3}},"line":116},"8":{"name":"getNearestPointIndex","decl":{"start":{"line":135,"column":11},"end":{"line":135,"column":31}},"loc":{"start":{"line":135,"column":79},"end":{"line":143,"column":3}},"line":135},"9":{"name":"getPairIndex","decl":{"start":{"line":145,"column":11},"end":{"line":145,"column":23}},"loc":{"start":{"line":149,"column":4},"end":{"line":157,"column":3}},"line":149},"10":{"name":"equalsVec","decl":{"start":{"line":159,"column":11},"end":{"line":159,"column":20}},"loc":{"start":{"line":159,"column":78},"end":{"line":165,"column":3}},"line":159}},"branchMap":{"0":{"loc":{"start":{"line":39,"column":6},"end":{"line":46,"column":7}},"type":"if","locations":[{"start":{"line":39,"column":6},"end":{"line":46,"column":7}},{"start":{},"end":{}}],"line":39},"1":{"loc":{"start":{"line":60,"column":2},"end":{"line":82,"column":3}},"type":"if","locations":[{"start":{"line":60,"column":2},"end":{"line":82,"column":3}},{"start":{},"end":{}}],"line":60},"2":{"loc":{"start":{"line":76,"column":6},"end":{"line":79,"column":7}},"type":"if","locations":[{"start":{"line":76,"column":6},"end":{"line":79,"column":7}},{"start":{},"end":{}}],"line":76},"3":{"loc":{"start":{"line":92,"column":6},"end":{"line":92,"column":37}},"type":"if","locations":[{"start":{"line":92,"column":6},"end":{"line":92,"column":37}},{"start":{},"end":{}}],"line":92},"4":{"loc":{"start":{"line":102,"column":4},"end":{"line":104,"column":5}},"type":"if","locations":[{"start":{"line":102,"column":4},"end":{"line":104,"column":5}},{"start":{},"end":{}}],"line":102},"5":{"loc":{"start":{"line":106,"column":4},"end":{"line":108,"column":5}},"type":"if","locations":[{"start":{"line":106,"column":4},"end":{"line":108,"column":5}},{"start":{},"end":{}}],"line":106},"6":{"loc":{"start":{"line":118,"column":4},"end":{"line":120,"column":5}},"type":"if","locations":[{"start":{"line":118,"column":4},"end":{"line":120,"column":5}},{"start":{},"end":{}}],"line":118},"7":{"loc":{"start":{"line":126,"column":4},"end":{"line":132,"column":5}},"type":"if","locations":[{"start":{"line":126,"column":4},"end":{"line":132,"column":5}},{"start":{"line":129,"column":11},"end":{"line":132,"column":5}}],"line":126},"8":{"loc":{"start":{"line":138,"column":6},"end":{"line":140,"column":7}},"type":"if","locations":[{"start":{"line":138,"column":6},"end":{"line":140,"column":7}},{"start":{},"end":{}}],"line":138},"9":{"loc":{"start":{"line":138,"column":10},"end":{"line":138,"column":54}},"type":"binary-expr","locations":[{"start":{"line":138,"column":10},"end":{"line":138,"column":20}},{"start":{"line":138,"column":24},"end":{"line":138,"column":54}}],"line":138},"10":{"loc":{"start":{"line":152,"column":6},"end":{"line":154,"column":7}},"type":"if","locations":[{"start":{"line":152,"column":6},"end":{"line":154,"column":7}},{"start":{},"end":{}}],"line":152},"11":{"loc":{"start":{"line":152,"column":10},"end":{"line":152,"column":73}},"type":"binary-expr","locations":[{"start":{"line":152,"column":10},"end":{"line":152,"column":25}},{"start":{"line":152,"column":29},"end":{"line":152,"column":39}},{"start":{"line":152,"column":43},"end":{"line":152,"column":73}}],"line":152},"12":{"loc":{"start":{"line":161,"column":6},"end":{"line":163,"column":39}},"type":"binary-expr","locations":[{"start":{"line":161,"column":6},"end":{"line":161,"column":39}},{"start":{"line":162,"column":6},"end":{"line":162,"column":39}},{"start":{"line":163,"column":6},"end":{"line":163,"column":39}}],"line":161}},"s":{"0":6,"1":6,"2":4,"3":7,"4":7,"5":6,"6":7,"7":7,"8":7,"9":7,"10":7,"11":7,"12":7,"13":7,"14":7,"15":7,"16":7,"17":54,"18":54,"19":54,"20":54,"21":26,"22":7,"23":7,"24":18,"25":18,"26":18,"27":18,"28":18,"29":18,"30":18,"31":7,"32":6,"33":6,"34":6,"35":0,"36":0,"37":6,"38":6,"39":6,"40":6,"41":6,"42":6,"43":19,"44":19,"45":6,"46":6,"47":6,"48":6,"49":6,"50":6,"51":6,"52":6,"53":0,"54":6,"55":6,"56":6,"57":6,"58":6,"59":6,"60":6,"61":6,"62":6,"63":6,"64":6,"65":6,"66":0,"67":6,"68":13,"69":13,"70":6,"71":7,"72":7,"73":7,"74":7,"75":7,"76":7,"77":7,"78":7,"79":0,"80":0,"81":13,"82":13,"83":89,"84":89,"85":7,"86":6,"87":13,"88":13,"89":82,"90":82,"91":13,"92":0,"93":7,"94":7},"f":{"0":4,"1":7,"2":7,"3":7,"4":7,"5":54,"6":6,"7":13,"8":13,"9":13,"10":7},"b":{"0":[26,28],"1":[6,1],"2":[6,0],"3":[0,6],"4":[6,0],"5":[0,6],"6":[6,7],"7":[7,0],"8":[7,82],"9":[89,7],"10":[13,69],"11":[82,69,13],"12":[7,7,7]},"_coverageSchema":"1a1c01bbd47fc00a2c39e90264f33305004495a9","hash":"3a0b391ac5a87d25ac0dbb719b7e36dc5b95fd64"}
,"C:\\OtusReact\\дипломная\\3DViewer\\simple-viewer\\src\\threejs\\ViewStyles.ts": {"path":"C:\\OtusReact\\дипломная\\3DViewer\\simple-viewer\\src\\threejs\\ViewStyles.ts","statementMap":{"0":{"start":{"line":9,"column":26},"end":{"line":16,"column":1}}},"fnMap":{},"branchMap":{},"s":{"0":9},"f":{},"b":{},"_coverageSchema":"1a1c01bbd47fc00a2c39e90264f33305004495a9","hash":"455266e1ab43605e241ec2088fbcf9e4f8ea4d59"}
,"C:\\OtusReact\\дипломная\\3DViewer\\simple-viewer\\src\\threejs\\materials\\CircleMaterial.tsx": {"path":"C:\\OtusReact\\дипломная\\3DViewer\\simple-viewer\\src\\threejs\\materials\\CircleMaterial.tsx","statementMap":{"0":{"start":{"line":3,"column":0},"end":{"line":30,"column":1}},"1":{"start":{"line":32,"column":30},"end":{"line":55,"column":1}},"2":{"start":{"line":33,"column":2},"end":{"line":54,"column":3}},"3":{"start":{"line":61,"column":30},"end":{"line":69,"column":1}},"4":{"start":{"line":62,"column":2},"end":{"line":68,"column":4}}},"fnMap":{"0":{"name":"(anonymous_0)","decl":{"start":{"line":32,"column":30},"end":{"line":32,"column":31}},"loc":{"start":{"line":32,"column":49},"end":{"line":55,"column":1}},"line":32},"1":{"name":"(anonymous_1)","decl":{"start":{"line":61,"column":30},"end":{"line":61,"column":31}},"loc":{"start":{"line":62,"column":2},"end":{"line":68,"column":4}},"line":62}},"branchMap":{},"s":{"0":6,"1":6,"2":2,"3":6,"4":2},"f":{"0":2,"1":2},"b":{},"_coverageSchema":"1a1c01bbd47fc00a2c39e90264f33305004495a9","hash":"433465542ebcca2673d1355fda89a06426664eb8"}
[...]
,"C:\\OtusReact\\дипломная\\3DViewer\\simple-viewer\\src\\utils\\CheckboxPropagation.ts": {"path":"C:\\OtusReact\\дипломная\\3DViewer\\simple-viewer\\src\\utils\\CheckboxPropagation.ts","statementMap":{"0":{"start":{"line":10,"column":25},"end":{"line":33,"column":1}},"1":{"start":{"line":16,"column":2},"end":{"line":31,"column":3}},"2":{"start":{"line":22,"column":23},"end":{"line":22,"column":34}},"3":{"start":{"line":23,"column":18},"end":{"line":23,"column":29}},"4":{"start":{"line":24,"column":4},"end":{"line":24,"column":29}},"5":{"start":{"line":26,"column":4},"end":{"line":26,"column":54}},"6":{"start":{"line":27,"column":4},"end":{"line":29,"column":5}},"7":{"start":{"line":28,"column":6},"end":{"line":28,"column":51}},"8":{"start":{"line":30,"column":4},"end":{"line":30,"column":21}},"9":{"start":{"line":32,"column":2},"end":{"line":32,"column":15}},"10":{"start":{"line":35,"column":22},"end":{"line":46,"column":1}},"11":{"start":{"line":41,"column":26},"end":{"line":41,"column":60}},"12":{"start":{"line":43,"column":2},"end":{"line":45,"column":4}},"13":{"start":{"line":44,"column":4},"end":{"line":44,"column":25}},"14":{"start":{"line":48,"column":20},"end":{"line":69,"column":1}},"15":{"start":{"line":55,"column":18},"end":{"line":55,"column":57}},"16":{"start":{"line":56,"column":2},"end":{"line":68,"column":4}},"17":{"start":{"line":57,"column":28},"end":{"line":57,"column":55}},"18":{"start":{"line":58,"column":25},"end":{"line":60,"column":12}},"19":{"start":{"line":59,"column":13},"end":{"line":59,"column":32}},"20":{"start":{"line":62,"column":4},"end":{"line":67,"column":5}},"21":{"start":{"line":63,"column":6},"end":{"line":63,"column":48}},"22":{"start":{"line":66,"column":6},"end":{"line":66,"column":69}}},"fnMap":{"0":{"name":"(anonymous_0)","decl":{"start":{"line":10,"column":25},"end":{"line":10,"column":26}},"loc":{"start":{"line":15,"column":5},"end":{"line":33,"column":1}},"line":15},"1":{"name":"(anonymous_1)","decl":{"start":{"line":35,"column":22},"end":{"line":35,"column":23}},"loc":{"start":{"line":40,"column":5},"end":{"line":46,"column":1}},"line":40},"2":{"name":"(anonymous_2)","decl":{"start":{"line":43,"column":26},"end":{"line":43,"column":27}},"loc":{"start":{"line":43,"column":33},"end":{"line":45,"column":3}},"line":43},"3":{"name":"(anonymous_3)","decl":{"start":{"line":48,"column":20},"end":{"line":48,"column":21}},"loc":{"start":{"line":54,"column":5},"end":{"line":69,"column":1}},"line":54},"4":{"name":"(anonymous_4)","decl":{"start":{"line":56,"column":18},"end":{"line":56,"column":19}},"loc":{"start":{"line":56,"column":25},"end":{"line":68,"column":3}},"line":56},"5":{"name":"(anonymous_5)","decl":{"start":{"line":59,"column":6},"end":{"line":59,"column":7}},"loc":{"start":{"line":59,"column":13},"end":{"line":59,"column":32}},"line":59}},"branchMap":{"0":{"loc":{"start":{"line":16,"column":2},"end":{"line":31,"column":3}},"type":"if","locations":[{"start":{"line":16,"column":2},"end":{"line":31,"column":3}},{"start":{},"end":{}}],"line":16},"1":{"loc":{"start":{"line":17,"column":4},"end":{"line":20,"column":32}},"type":"binary-expr","locations":[{"start":{"line":17,"column":5},"end":{"line":17,"column":10}},{"start":{"line":17,"column":14},"end":{"line":17,"column":25}},{"start":{"line":18,"column":4},"end":{"line":18,"column":14}},{"start":{"line":19,"column":4},"end":{"line":19,"column":23}},{"start":{"line":20,"column":5},"end":{"line":20,"column":16}},{"start":{"line":20,"column":20},"end":{"line":20,"column":31}}],"line":17},"2":{"loc":{"start":{"line":27,"column":4},"end":{"line":29,"column":5}},"type":"if","locations":[{"start":{"line":27,"column":4},"end":{"line":29,"column":5}},{"start":{},"end":{}}],"line":27},"3":{"loc":{"start":{"line":62,"column":4},"end":{"line":67,"column":5}},"type":"if","locations":[{"start":{"line":62,"column":4},"end":{"line":67,"column":5}},{"start":{"line":64,"column":11},"end":{"line":67,"column":5}}],"line":62},"4":{"loc":{"start":{"line":63,"column":22},"end":{"line":63,"column":48}},"type":"cond-expr","locations":[{"start":{"line":63,"column":43},"end":{"line":63,"column":44}},{"start":{"line":63,"column":47},"end":{"line":63,"column":48}}],"line":63},"5":{"loc":{"start":{"line":66,"column":22},"end":{"line":66,"column":69}},"type":"cond-expr","locations":[{"start":{"line":66,"column":64},"end":{"line":66,"column":65}},{"start":{"line":66,"column":68},"end":{"line":66,"column":69}}],"line":66}},"s":{"0":9,"1":17,"2":13,"3":13,"4":13,"5":13,"6":13,"7":6,"8":13,"9":4,"10":9,"11":6,"12":6,"13":21,"14":9,"15":13,"16":13,"17":16,"18":16,"19":29,"20":16,"21":9,"22":7},"f":{"0":17,"1":6,"2":21,"3":13,"4":16,"5":29},"b":{"0":[13,4],"1":[17,5,16,15,14,7],"2":[6,7],"3":[9,7],"4":[6,3],"5":[6,1]},"_coverageSchema":"1a1c01bbd47fc00a2c39e90264f33305004495a9","hash":"3aa2735ada47513a17f31204d4dd8a25fe1f95ed"}
,"C:\\OtusReact\\дипломная\\3DViewer\\simple-viewer\\src\\utils\\FillCenterHelper.ts": {"path":"C:\\OtusReact\\дипломная\\3DViewer\\simple-viewer\\src\\utils\\FillCenterHelper.ts","statementMap":{"0":{"start":{"line":3,"column":26},"end":{"line":9,"column":1}},"1":{"start":{"line":4,"column":2},"end":{"line":8,"column":4}},"2":{"start":{"line":5,"column":4},"end":{"line":7,"column":5}},"3":{"start":{"line":6,"column":6},"end":{"line":6,"column":51}},"4":{"start":{"line":11,"column":18},"end":{"line":22,"column":1}},"5":{"start":{"line":12,"column":11},"end":{"line":12,"column":12}},"6":{"start":{"line":13,"column":11},"end":{"line":13,"column":12}},"7":{"start":{"line":14,"column":11},"end":{"line":14,"column":12}},"8":{"start":{"line":15,"column":2},"end":{"line":19,"column":3}},"9":{"start":{"line":15,"column":19},"end":{"line":15,"column":20}},"10":{"start":{"line":16,"column":4},"end":{"line":16,"column":34}},"11":{"start":{"line":17,"column":4},"end":{"line":17,"column":38}},"12":{"start":{"line":18,"column":4},"end":{"line":18,"column":38}},"13":{"start":{"line":20,"column":12},"end":{"line":20,"column":36}},"14":{"start":{"line":21,"column":2},"end":{"line":21,"column":33}}},"fnMap":{"0":{"name":"(anonymous_0)","decl":{"start":{"line":3,"column":26},"end":{"line":3,"column":27}},"loc":{"start":{"line":3,"column":47},"end":{"line":9,"column":1}},"line":3},"1":{"name":"(anonymous_1)","decl":{"start":{"line":4,"column":17},"end":{"line":4,"column":18}},"loc":{"start":{"line":4,"column":28},"end":{"line":8,"column":3}},"line":4},"2":{"name":"(anonymous_2)","decl":{"start":{"line":11,"column":18},"end":{"line":11,"column":19}},"loc":{"start":{"line":11,"column":47},"end":{"line":22,"column":1}},"line":11}},"branchMap":{"0":{"loc":{"start":{"line":5,"column":4},"end":{"line":7,"column":5}},"type":"if","locations":[{"start":{"line":5,"column":4},"end":{"line":7,"column":5}},{"start":{},"end":{}}],"line":5},"1":{"loc":{"start":{"line":5,"column":8},"end":{"line":5,"column":61}},"type":"binary-expr","locations":[{"start":{"line":5,"column":8},"end":{"line":5,"column":27}},{"start":{"line":5,"column":31},"end":{"line":5,"column":61}}],"line":5}},"s":{"0":10,"1":5,"2":13,"3":11,"4":10,"5":11,"6":11,"7":11,"8":11,"9":11,"10":39,"11":39,"12":39,"13":11,"14":11},"f":{"0":5,"1":13,"2":11},"b":{"0":[11,2],"1":[13,12]},"_coverageSchema":"1a1c01bbd47fc00a2c39e90264f33305004495a9","hash":"53a58d793850ffffb99e8c2c52aec714af1f991b"}
,"C:\\OtusReact\\дипломная\\3DViewer\\simple-viewer\\src\\utils\\TreePathHelper.ts": {"path":"C:\\OtusReact\\дипломная\\3DViewer\\simple-viewer\\src\\utils\\TreePathHelper.ts","statementMap":{"0":{"start":{"line":3,"column":22},"end":{"line":7,"column":55}},"1":{"start":{"line":4,"column":2},"end":{"line":7,"column":55}},"2":{"start":{"line":9,"column":30},"end":{"line":12,"column":23}},"3":{"start":{"line":10,"column":2},"end":{"line":12,"column":23}},"4":{"start":{"line":14,"column":35},"end":{"line":30,"column":1}},"5":{"start":{"line":19,"column":28},"end":{"line":19,"column":30}},"6":{"start":{"line":20,"column":20},"end":{"line":20,"column":37}},"7":{"start":{"line":21,"column":2},"end":{"line":28,"column":3}},"8":{"start":{"line":21,"column":15},"end":{"line":21,"column":24}},"9":{"start":{"line":22,"column":17},"end":{"line":22,"column":24}},"10":{"start":{"line":23,"column":21},"end":{"line":23,"column":41}},"11":{"start":{"line":24,"column":4},"end":{"line":27,"column":5}},"12":{"start":{"line":25,"column":6},"end":{"line":25,"column":21}},"13":{"start":{"line":26,"column":6},"end":{"line":26,"column":29}},"14":{"start":{"line":29,"column":2},"end":{"line":29,"column":16}},"15":{"start":{"line":32,"column":34},"end":{"line":46,"column":1}},"16":{"start":{"line":33,"column":23},"end":{"line":33,"column":34}},"17":{"start":{"line":34,"column":21},"end":{"line":34,"column":49}},"18":{"start":{"line":35,"column":28},"end":{"line":35,"column":30}},"19":{"start":{"line":37,"column":2},"end":{"line":44,"column":3}},"20":{"start":{"line":37,"column":15},"end":{"line":37,"column":24}},"21":{"start":{"line":38,"column":17},"end":{"line":38,"column":24}},"22":{"start":{"line":39,"column":4},"end":{"line":43,"column":5}},"23":{"start":{"line":40,"column":6},"end":{"line":40,"column":21}},"24":{"start":{"line":41,"column":11},"end":{"line":43,"column":5}},"25":{"start":{"line":42,"column":6},"end":{"line":42,"column":20}},"26":{"start":{"line":45,"column":2},"end":{"line":45,"column":16}},"27":{"start":{"line":48,"column":37},"end":{"line":62,"column":1}},"28":{"start":{"line":49,"column":23},"end":{"line":49,"column":34}},"29":{"start":{"line":50,"column":21},"end":{"line":50,"column":49}},"30":{"start":{"line":51,"column":28},"end":{"line":51,"column":30}},"31":{"start":{"line":53,"column":2},"end":{"line":60,"column":3}},"32":{"start":{"line":53,"column":15},"end":{"line":53,"column":24}},"33":{"start":{"line":54,"column":17},"end":{"line":54,"column":24}},"34":{"start":{"line":55,"column":4},"end":{"line":59,"column":5}},"35":{"start":{"line":56,"column":6},"end":{"line":56,"column":21}},"36":{"start":{"line":58,"column":6},"end":{"line":58,"column":20}},"37":{"start":{"line":61,"column":2},"end":{"line":61,"column":16}}},"fnMap":{"0":{"name":"(anonymous_0)","decl":{"start":{"line":3,"column":22},"end":{"line":3,"column":23}},"loc":{"start":{"line":4,"column":2},"end":{"line":7,"column":55}},"line":4},"1":{"name":"(anonymous_1)","decl":{"start":{"line":9,"column":30},"end":{"line":9,"column":31}},"loc":{"start":{"line":10,"column":2},"end":{"line":12,"column":23}},"line":10},"2":{"name":"(anonymous_2)","decl":{"start":{"line":14,"column":35},"end":{"line":14,"column":36}},"loc":{"start":{"line":18,"column":5},"end":{"line":30,"column":1}},"line":18},"3":{"name":"(anonymous_3)","decl":{"start":{"line":32,"column":34},"end":{"line":32,"column":35}},"loc":{"start":{"line":32,"column":68},"end":{"line":46,"column":1}},"line":32},"4":{"name":"(anonymous_4)","decl":{"start":{"line":48,"column":37},"end":{"line":48,"column":38}},"loc":{"start":{"line":48,"column":71},"end":{"line":62,"column":1}},"line":48}},"branchMap":{"0":{"loc":{"start":{"line":4,"column":2},"end":{"line":7,"column":55}},"type":"binary-expr","locations":[{"start":{"line":4,"column":2},"end":{"line":4,"column":12}},{"start":{"line":5,"column":3},"end":{"line":5,"column":30}},{"start":{"line":6,"column":5},"end":{"line":6,"column":30}},{"start":{"line":7,"column":6},"end":{"line":7,"column":53}}],"line":4},"1":{"loc":{"start":{"line":10,"column":2},"end":{"line":12,"column":23}},"type":"cond-expr","locations":[{"start":{"line":11,"column":6},"end":{"line":11,"column":49}},{"start":{"line":12,"column":6},"end":{"line":12,"column":23}}],"line":10},"2":{"loc":{"start":{"line":24,"column":4},"end":{"line":27,"column":5}},"type":"if","locations":[{"start":{"line":24,"column":4},"end":{"line":27,"column":5}},{"start":{},"end":{}}],"line":24},"3":{"loc":{"start":{"line":39,"column":4},"end":{"line":43,"column":5}},"type":"if","locations":[{"start":{"line":39,"column":4},"end":{"line":43,"column":5}},{"start":{"line":41,"column":11},"end":{"line":43,"column":5}}],"line":39},"4":{"loc":{"start":{"line":41,"column":11},"end":{"line":43,"column":5}},"type":"if","locations":[{"start":{"line":41,"column":11},"end":{"line":43,"column":5}},{"start":{},"end":{}}],"line":41},"5":{"loc":{"start":{"line":55,"column":4},"end":{"line":59,"column":5}},"type":"if","locations":[{"start":{"line":55,"column":4},"end":{"line":59,"column":5}},{"start":{"line":57,"column":11},"end":{"line":59,"column":5}}],"line":55}},"s":{"0":10,"1":466,"2":10,"3":513,"4":10,"5":16,"6":16,"7":16,"8":16,"9":23,"10":23,"11":23,"12":19,"13":19,"14":16,"15":10,"16":19,"17":19,"18":19,"19":19,"20":19,"21":78,"22":78,"23":32,"24":46,"25":13,"26":6,"27":10,"28":9,"29":9,"30":9,"31":9,"32":9,"33":34,"34":34,"35":26,"36":8,"37":1},"f":{"0":466,"1":513,"2":16,"3":19,"4":9},"b":{"0":[466,465,446,445],"1":[453,60],"2":[19,4],"3":[32,46],"4":[13,33],"5":[26,8]},"_coverageSchema":"1a1c01bbd47fc00a2c39e90264f33305004495a9","hash":"082527e66bf8c196c3f798f6f8c2665fcbbb04ab"}
,"C:\\OtusReact\\дипломная\\3DViewer\\simple-viewer\\src\\utils\\TreeTransform.ts": {"path":"C:\\OtusReact\\дипломная\\3DViewer\\simple-viewer\\src\\utils\\TreeTransform.ts","statementMap":{"0":{"start":{"line":3,"column":25},"end":{"line":29,"column":1}},"1":{"start":{"line":4,"column":20},"end":{"line":13,"column":4}},"2":{"start":{"line":5,"column":17},"end":{"line":5,"column":33}},"3":{"start":{"line":7,"column":6},"end":{"line":7,"column":77}},"4":{"start":{"line":8,"column":34},"end":{"line":10,"column":5}},"5":{"start":{"line":9,"column":6},"end":{"line":9,"column":35}},"6":{"start":{"line":11,"column":4},"end":{"line":11,"column":41}},"7":{"start":{"line":12,"column":4},"end":{"line":12,"column":22}},"8":{"start":{"line":14,"column":22},"end":{"line":14,"column":80}},"9":{"start":{"line":14,"column":61},"end":{"line":14,"column":79}},"10":{"start":{"line":15,"column":24},"end":{"line":21,"column":4}},"11":{"start":{"line":16,"column":4},"end":{"line":20,"column":5}},"12":{"start":{"line":22,"column":2},"end":{"line":27,"column":4}},"13":{"start":{"line":23,"column":22},"end":{"line":23,"column":42}},"14":{"start":{"line":24,"column":18},"end":{"line":24,"column":67}},"15":{"start":{"line":25,"column":4},"end":{"line":25,"column":26}},"16":{"start":{"line":26,"column":4},"end":{"line":26,"column":23}},"17":{"start":{"line":28,"column":2},"end":{"line":28,"column":13}},"18":{"start":{"line":30,"column":22},"end":{"line":34,"column":1}},"19":{"start":{"line":31,"column":2},"end":{"line":33,"column":23}},"20":{"start":{"line":36,"column":16},"end":{"line":38,"column":1}},"21":{"start":{"line":37,"column":2},"end":{"line":37,"column":44}},"22":{"start":{"line":40,"column":19},"end":{"line":42,"column":1}},"23":{"start":{"line":41,"column":2},"end":{"line":41,"column":21}},"24":{"start":{"line":43,"column":16},"end":{"line":43,"column":75}},"25":{"start":{"line":43,"column":34},"end":{"line":43,"column":75}},"26":{"start":{"line":45,"column":20},"end":{"line":45,"column":78}},"27":{"start":{"line":45,"column":38},"end":{"line":45,"column":78}}},"fnMap":{"0":{"name":"(anonymous_0)","decl":{"start":{"line":3,"column":25},"end":{"line":3,"column":26}},"loc":{"start":{"line":3,"column":46},"end":{"line":29,"column":1}},"line":3},"1":{"name":"(anonymous_1)","decl":{"start":{"line":4,"column":35},"end":{"line":4,"column":36}},"loc":{"start":{"line":4,"column":42},"end":{"line":13,"column":3}},"line":4},"2":{"name":"(anonymous_2)","decl":{"start":{"line":8,"column":48},"end":{"line":8,"column":49}},"loc":{"start":{"line":9,"column":6},"end":{"line":9,"column":35}},"line":9},"3":{"name":"(anonymous_3)","decl":{"start":{"line":14,"column":51},"end":{"line":14,"column":52}},"loc":{"start":{"line":14,"column":61},"end":{"line":14,"column":79}},"line":14},"4":{"name":"(anonymous_4)","decl":{"start":{"line":15,"column":40},"end":{"line":15,"column":41}},"loc":{"start":{"line":15,"column":57},"end":{"line":21,"column":3}},"line":15},"5":{"name":"(anonymous_5)","decl":{"start":{"line":22,"column":17},"end":{"line":22,"column":18}},"loc":{"start":{"line":22,"column":28},"end":{"line":27,"column":3}},"line":22},"6":{"name":"(anonymous_6)","decl":{"start":{"line":30,"column":22},"end":{"line":30,"column":23}},"loc":{"start":{"line":30,"column":40},"end":{"line":34,"column":1}},"line":30},"7":{"name":"(anonymous_7)","decl":{"start":{"line":36,"column":16},"end":{"line":36,"column":17}},"loc":{"start":{"line":36,"column":56},"end":{"line":38,"column":1}},"line":36},"8":{"name":"(anonymous_8)","decl":{"start":{"line":40,"column":19},"end":{"line":40,"column":20}},"loc":{"start":{"line":40,"column":38},"end":{"line":42,"column":1}},"line":40},"9":{"name":"(anonymous_9)","decl":{"start":{"line":43,"column":16},"end":{"line":43,"column":17}},"loc":{"start":{"line":43,"column":34},"end":{"line":43,"column":75}},"line":43},"10":{"name":"(anonymous_10)","decl":{"start":{"line":45,"column":20},"end":{"line":45,"column":21}},"loc":{"start":{"line":45,"column":38},"end":{"line":45,"column":78}},"line":45}},"branchMap":{"0":{"loc":{"start":{"line":7,"column":6},"end":{"line":7,"column":77}},"type":"cond-expr","locations":[{"start":{"line":7,"column":30},"end":{"line":7,"column":45}},{"start":{"line":7,"column":48},"end":{"line":7,"column":77}}],"line":7},"1":{"loc":{"start":{"line":7,"column":48},"end":{"line":7,"column":77}},"type":"cond-expr","locations":[{"start":{"line":7,"column":66},"end":{"line":7,"column":72}},{"start":{"line":7,"column":75},"end":{"line":7,"column":77}}],"line":7},"2":{"loc":{"start":{"line":31,"column":9},"end":{"line":33,"column":23}},"type":"cond-expr","locations":[{"start":{"line":32,"column":6},"end":{"line":32,"column":36}},{"start":{"line":33,"column":6},"end":{"line":33,"column":23}}],"line":31}},"s":{"0":10,"1":11,"2":77,"3":77,"4":77,"5":187,"6":77,"7":77,"8":11,"9":454,"10":11,"11":147,"12":11,"13":77,"14":77,"15":77,"16":77,"17":11,"18":10,"19":154,"20":10,"21":187,"22":10,"23":147,"24":10,"25":147,"26":10,"27":147},"f":{"0":11,"1":77,"2":187,"3":454,"4":147,"5":77,"6":154,"7":187,"8":147,"9":147,"10":147},"b":{"0":[73,4],"1":[2,2],"2":[6,148]},"_coverageSchema":"1a1c01bbd47fc00a2c39e90264f33305004495a9","hash":"a64e86b632358b739d302bcc15a1bd085f1047d9"}
}
