TN:
SF:src\api\ModelApi.ts
FN:2,(anonymous_0)
FN:2,(anonymous_1)
FN:3,(anonymous_2)
FN:5,(anonymous_3)
FN:8,(anonymous_4)
FN:10,(anonymous_5)
FNF:6
FNH:0
FNDA:0,(anonymous_0)
FNDA:0,(anonymous_1)
FNDA:0,(anonymous_2)
FNDA:0,(anonymous_3)
FNDA:0,(anonymous_4)
FNDA:0,(anonymous_5)
DA:2,5
DA:3,5
DA:4,0
DA:5,0
DA:8,5
DA:9,0
DA:10,0
LF:7
LH:3
BRF:0
BRH:0
end_of_record
TN:
SF:src\components\app\App.tsx
FN:10,(anonymous_0)
FN:13,(anonymous_1)
FNF:2
FNH:2
FNDA:1,(anonymous_0)
FNDA:1,(anonymous_1)
DA:10,1
DA:11,1
DA:12,1
DA:14,1
DA:19,1
LF:5
LH:5
BRF:0
BRH:0
end_of_record
TN:
SF:src\components\block\Block.tsx
FN:13,(anonymous_0)
FNF:1
FNH:1
FNDA:27,(anonymous_0)
DA:13,4
DA:14,27
LF:2
LH:2
BRF:0
BRH:0
end_of_record
TN:
SF:src\components\buttonpanel\ButtonPanel.tsx
FN:10,(anonymous_0)
FNF:1
FNH:1
FNDA:29,(anonymous_0)
DA:10,5
DA:15,29
LF:2
LH:2
BRDA:17,0,0,28
BRDA:17,0,1,1
BRF:2
BRH:2
end_of_record
TN:
SF:src\components\checkbox\Checkbox.tsx
FN:8,(anonymous_0)
FN:10,(anonymous_1)
FN:32,(anonymous_2)
FNF:3
FNH:3
FNDA:486,(anonymous_0)
FNDA:269,(anonymous_1)
FNDA:7,(anonymous_2)
DA:8,6
DA:9,486
DA:10,486
DA:12,269
DA:13,269
DA:14,263
DA:15,263
DA:16,6
DA:18,3
DA:19,3
DA:21,3
DA:22,3
DA:27,486
DA:33,7
LF:14
LH:14
BRDA:12,0,0,269
BRDA:12,0,1,0
BRDA:13,1,0,263
BRDA:13,1,1,6
BRDA:16,2,0,3
BRDA:16,2,1,3
BRDA:33,3,0,4
BRDA:33,3,1,3
BRDA:33,4,0,7
BRDA:33,4,1,7
BRF:10
BRH:9
end_of_record
TN:
SF:src\components\list\AttributeList.tsx
FN:17,(anonymous_0)
FN:27,(anonymous_1)
FN:42,(anonymous_2)
FNF:3
FNH:2
FNDA:14,(anonymous_0)
FNDA:7,(anonymous_1)
FNDA:0,(anonymous_2)
DA:17,3
DA:18,14
DA:19,14
DA:22,14
DA:27,14
DA:28,7
DA:30,14
DA:43,0
LF:8
LH:7
BRDA:30,0,0,0
BRDA:30,0,1,14
BRDA:30,1,0,14
BRDA:30,1,1,14
BRDA:30,1,2,14
BRDA:30,1,3,2
BRF:6
BRH:5
end_of_record
TN:
SF:src\components\modelblock\ModelBlock.tsx
FN:14,(anonymous_0)
FN:18,(anonymous_1)
FN:24,(anonymous_2)
FN:25,(anonymous_3)
FN:27,(anonymous_4)
FN:30,(anonymous_5)
FNF:6
FNH:6
FNDA:9,(anonymous_0)
FNDA:7,(anonymous_1)
FNDA:2,(anonymous_2)
FNDA:2,(anonymous_3)
FNDA:1,(anonymous_4)
FNDA:1,(anonymous_5)
DA:14,2
DA:15,9
DA:17,9
DA:18,9
DA:19,7
DA:21,9
DA:24,9
DA:25,2
DA:27,9
DA:28,1
DA:30,9
DA:31,1
DA:33,9
DA:34,9
DA:65,9
LF:15
LH:15
BRDA:19,0,0,6
BRDA:19,0,1,1
BRDA:39,1,0,8
BRDA:39,1,1,1
BRDA:45,2,0,8
BRDA:45,2,1,1
BRDA:77,3,0,8
BRDA:77,3,1,1
BRDA:80,4,0,7
BRDA:80,4,1,2
BRDA:80,5,0,9
BRDA:80,5,1,9
BRDA:80,5,2,7
BRDA:88,6,0,8
BRDA:88,6,1,1
BRF:15
BRH:15
end_of_record
TN:
SF:src\components\tree\ModelTree.tsx
FN:18,(anonymous_0)
FN:26,(anonymous_1)
FN:33,(anonymous_2)
FN:43,(anonymous_3)
FN:46,(anonymous_4)
FN:56,(anonymous_5)
FN:72,(anonymous_6)
FN:81,(anonymous_7)
FN:132,(anonymous_8)
FN:155,(anonymous_9)
FN:162,(anonymous_10)
FNF:11
FNH:11
FNDA:2,(anonymous_0)
FNDA:1,(anonymous_1)
FNDA:266,(anonymous_2)
FNDA:1,(anonymous_3)
FNDA:1,(anonymous_4)
FNDA:181,(anonymous_5)
FNDA:1,(anonymous_6)
FNDA:447,(anonymous_7)
FNDA:15,(anonymous_8)
FNDA:22,(anonymous_9)
FNDA:18,(anonymous_10)
DA:18,3
DA:23,2
DA:26,3
DA:30,1
DA:33,3
DA:39,266
DA:44,1
DA:47,1
DA:56,3
DA:64,181
DA:73,1
DA:81,3
DA:88,447
DA:89,447
DA:90,447
DA:91,266
DA:101,181
DA:103,181
DA:104,181
DA:108,416
DA:115,416
DA:116,416
DA:118,181
DA:132,3
DA:138,15
DA:140,15
DA:141,15
DA:142,31
DA:149,31
DA:150,31
DA:152,15
DA:155,3
DA:156,22
DA:157,22
DA:160,22
DA:162,22
DA:163,18
DA:164,7
DA:165,7
DA:166,7
DA:170,22
LF:41
LH:41
BRDA:90,0,0,266
BRDA:90,0,1,181
BRDA:105,1,0,597
BRDA:105,1,1,540
BRDA:141,2,0,46
BRDA:141,2,1,46
BRDA:163,3,0,7
BRDA:163,3,1,11
BRDA:172,4,0,15
BRDA:172,4,1,7
BRF:10
BRH:10
end_of_record
TN:
SF:src\components\treeleaf\TreeLeaf.tsx
FN:13,(anonymous_0)
FNF:1
FNH:1
FNDA:271,(anonymous_0)
DA:13,5
DA:20,271
LF:2
LH:2
BRF:0
BRH:0
end_of_record
TN:
SF:src\components\treeparent\TreeParent.tsx
FN:14,(anonymous_0)
FN:24,(anonymous_1)
FN:40,(anonymous_2)
FN:41,(anonymous_3)
FN:47,(anonymous_4)
FNF:5
FNH:5
FNDA:212,(anonymous_0)
FNDA:133,(anonymous_1)
FNDA:1,(anonymous_2)
FNDA:1,(anonymous_3)
FNDA:2,(anonymous_4)
DA:14,4
DA:22,212
DA:24,212
DA:25,133
DA:26,26
DA:30,212
DA:31,212
DA:41,1
DA:48,2
DA:55,212
DA:65,212
LF:11
LH:11
BRDA:25,0,0,26
BRDA:25,0,1,107
BRDA:60,1,0,183
BRDA:60,1,1,29
BRF:4
BRH:4
end_of_record
TN:
SF:src\components\viewerblock\ViewerBlock.tsx
FN:17,(anonymous_0)
FN:24,(anonymous_1)
FN:48,(anonymous_2)
FN:51,(anonymous_3)
FN:54,(anonymous_4)
FN:57,(anonymous_5)
FN:60,(anonymous_6)
FN:63,(anonymous_7)
FN:64,(anonymous_8)
FN:109,(anonymous_9)
FN:123,(anonymous_10)
FNF:11
FNH:11
FNDA:11,(anonymous_0)
FNDA:11,(anonymous_1)
FNDA:1,(anonymous_2)
FNDA:1,(anonymous_3)
FNDA:1,(anonymous_4)
FNDA:1,(anonymous_5)
FNDA:3,(anonymous_6)
FNDA:1,(anonymous_7)
FNDA:1,(anonymous_8)
FNDA:66,(anonymous_9)
FNDA:66,(anonymous_10)
DA:17,2
DA:18,11
DA:20,11
DA:21,11
DA:22,11
DA:24,11
DA:26,11
DA:27,11
DA:29,9
DA:30,9
DA:32,1
DA:33,1
DA:35,1
DA:37,11
DA:48,11
DA:49,1
DA:51,11
DA:52,1
DA:54,11
DA:55,1
DA:57,11
DA:58,1
DA:60,11
DA:61,3
DA:63,11
DA:64,1
DA:66,11
DA:110,66
DA:124,66
DA:138,11
LF:30
LH:30
BRDA:27,0,0,9
BRDA:27,0,1,1
BRDA:27,0,2,1
BRF:3
BRH:3
end_of_record
TN:
SF:src\modelstubs\FigureGenerator.ts
FN:1,(anonymous_0)
FN:13,(anonymous_1)
FN:52,(anonymous_2)
FN:79,(anonymous_3)
FN:90,(anonymous_4)
FN:128,(anonymous_5)
FN:149,(anonymous_6)
FN:159,(anonymous_7)
FN:181,(anonymous_8)
FN:195,(anonymous_9)
FN:224,(anonymous_10)
FN:226,(anonymous_11)
FNF:12
FNH:12
FNDA:180,(anonymous_0)
FNDA:1,(anonymous_1)
FNDA:12,(anonymous_2)
FNDA:117,(anonymous_3)
FNDA:4212,(anonymous_4)
FNDA:1404,(anonymous_5)
FNDA:63,(anonymous_6)
FNDA:756,(anonymous_7)
FNDA:252,(anonymous_8)
FNDA:4968,(anonymous_9)
FNDA:1557,(anonymous_10)
FNDA:15156,(anonymous_11)
DA:1,10
DA:2,180
DA:3,180
DA:4,180
DA:5,360
DA:7,180
DA:8,180
DA:9,360
DA:11,180
DA:13,10
DA:14,1
DA:15,1
DA:16,1
DA:17,1
DA:18,1
DA:19,1
DA:21,1
DA:31,1
DA:41,1
DA:52,12
DA:63,1
DA:64,1
DA:65,1
DA:66,1
DA:67,1
DA:68,1
DA:69,1
DA:70,1
DA:71,1
DA:72,1
DA:73,1
DA:74,1
DA:75,1
DA:76,1
DA:79,10
DA:80,117
DA:81,117
DA:82,117
DA:83,117
DA:84,117
DA:85,117
DA:87,117
DA:88,117
DA:89,117
DA:90,117
DA:91,4212
DA:92,4212
DA:93,4212
DA:94,4212
DA:95,4212
DA:97,117
DA:107,117
DA:117,117
DA:128,1404
DA:133,117
DA:134,117
DA:135,117
DA:136,117
DA:137,117
DA:138,117
DA:139,117
DA:140,117
DA:141,117
DA:142,117
DA:143,117
DA:144,117
DA:145,117
DA:146,117
DA:149,10
DA:150,63
DA:151,63
DA:152,63
DA:153,63
DA:154,63
DA:156,63
DA:157,63
DA:158,63
DA:159,63
DA:160,756
DA:161,756
DA:162,756
DA:163,756
DA:164,756
DA:167,63
DA:173,63
DA:179,63
DA:181,252
DA:186,63
DA:187,63
DA:188,63
DA:189,63
DA:190,63
DA:192,63
DA:195,10
DA:201,4968
DA:203,4968
DA:204,4968
DA:205,4968
DA:207,4968
DA:208,4968
DA:210,4968
DA:211,4968
DA:213,4968
DA:214,4968
DA:216,4968
DA:217,4968
DA:219,4968
DA:220,4968
DA:221,4968
DA:224,10
DA:225,1557
DA:226,15156
LF:112
LH:112
BRF:0
BRH:0
end_of_record
TN:
SF:src\modelstubs\ModelStub.ts
FNF:0
FNH:0
DA:5,9
DA:148,9
DA:611,9
DA:635,9
LF:4
LH:4
BRF:0
BRH:0
end_of_record
TN:
SF:src\redux\attributeSlice.ts
FN:6,(anonymous_0)
FN:9,(anonymous_1)
FNF:2
FNH:2
FNDA:7,(anonymous_0)
FNDA:2,(anonymous_1)
DA:6,8
DA:7,7
DA:9,8
DA:10,2
DA:13,8
DA:23,8
LF:6
LH:6
BRF:0
BRH:0
end_of_record
TN:
SF:src\redux\checkboxSlice.ts
FN:12,(anonymous_0)
FN:16,(anonymous_1)
FN:24,(anonymous_2)
FNF:3
FNH:3
FNDA:9,(anonymous_0)
FNDA:3,(anonymous_1)
FNDA:1,(anonymous_2)
DA:12,8
DA:13,9
DA:14,9
DA:16,8
DA:17,3
DA:24,8
DA:25,1
DA:26,1
DA:29,8
DA:41,8
LF:10
LH:10
BRDA:13,0,0,8
BRDA:13,0,1,1
BRDA:14,1,0,8
BRDA:14,1,1,1
BRF:4
BRH:4
end_of_record
TN:
SF:src\redux\loadAttributesSlice.ts
FN:15,(anonymous_0)
FN:22,(anonymous_1)
FN:31,(anonymous_2)
FNF:3
FNH:3
FNDA:11,(anonymous_0)
FNDA:10,(anonymous_1)
FNDA:2,(anonymous_2)
DA:15,10
DA:19,11
DA:20,11
DA:22,10
DA:26,10
DA:27,10
DA:28,10
DA:31,10
DA:32,2
DA:33,2
DA:35,10
DA:52,10
LF:12
LH:12
BRF:0
BRH:0
end_of_record
TN:
SF:src\redux\loadModelSlice.ts
FN:12,(anonymous_0)
FN:16,(anonymous_1)
FN:25,(anonymous_2)
FNF:3
FNH:3
FNDA:4,(anonymous_0)
FNDA:3,(anonymous_1)
FNDA:2,(anonymous_2)
DA:12,10
DA:13,4
DA:16,10
DA:20,3
DA:21,3
DA:22,3
DA:25,10
DA:26,2
DA:27,2
DA:30,10
DA:43,10
LF:11
LH:11
BRF:0
BRH:0
end_of_record
TN:
SF:src\redux\store.ts
FN:41,(anonymous_0)
FN:45,(anonymous_1)
FN:52,(anonymous_2)
FN:58,(anonymous_3)
FN:59,(anonymous_4)
FN:60,(anonymous_5)
FN:61,(anonymous_6)
FN:62,(anonymous_7)
FN:63,(anonymous_8)
FN:65,(anonymous_9)
FNF:10
FNH:9
FNDA:14,(anonymous_0)
FNDA:14,(anonymous_1)
FNDA:7,(anonymous_2)
FNDA:43,(anonymous_3)
FNDA:26,(anonymous_4)
FNDA:50,(anonymous_5)
FNDA:52,(anonymous_6)
FNDA:0,(anonymous_7)
FNDA:29,(anonymous_8)
FNDA:24,(anonymous_9)
DA:30,7
DA:31,7
DA:41,7
DA:42,14
DA:46,14
DA:53,7
DA:56,7
DA:58,43
DA:59,26
DA:60,50
DA:61,52
DA:62,7
DA:63,7
DA:64,29
DA:65,24
LF:15
LH:15
BRF:0
BRH:0
end_of_record
TN:
SF:src\redux\treeSelectionSlice.ts
FN:7,(anonymous_0)
FN:13,(anonymous_1)
FNF:2
FNH:2
FNDA:2,(anonymous_0)
FNDA:1,(anonymous_1)
DA:7,8
DA:11,2
DA:13,8
DA:14,1
DA:17,8
DA:25,8
LF:6
LH:6
BRF:0
BRH:0
end_of_record
TN:
SF:src\redux\treeSlice.ts
FN:6,(anonymous_0)
FN:9,(anonymous_1)
FNF:2
FNH:2
FNDA:2,(anonymous_0)
FNDA:2,(anonymous_1)
DA:6,8
DA:7,2
DA:9,8
DA:10,2
DA:13,8
DA:23,8
LF:6
LH:6
BRF:0
BRH:0
end_of_record
TN:
SF:src\redux\visualBlockSlice.ts
FN:23,(anonymous_0)
FN:29,(anonymous_1)
FN:35,(anonymous_2)
FN:39,(anonymous_3)
FNF:4
FNH:4
FNDA:3,(anonymous_0)
FNDA:3,(anonymous_1)
FNDA:2,(anonymous_2)
FNDA:13,(anonymous_3)
DA:23,8
DA:24,3
DA:25,2
DA:29,8
DA:30,3
DA:31,2
DA:35,8
DA:36,2
DA:39,8
DA:40,13
DA:43,8
DA:63,8
LF:12
LH:12
BRDA:24,0,0,2
BRDA:24,0,1,1
BRDA:30,1,0,2
BRDA:30,1,1,1
BRF:4
BRH:4
end_of_record
TN:
SF:src\saga\loadAttributeDataSaga.ts
FN:12,fetchAsyncParam
FN:23,fetchModelAttributes
FN:40,attributesLoadSaga
FNF:3
FNH:3
FNDA:2,fetchAsyncParam
FNDA:10,fetchModelAttributes
FNDA:10,attributesLoadSaga
DA:16,2
DA:17,2
DA:18,1
DA:20,1
DA:24,10
DA:25,10
DA:32,9
DA:37,1
DA:41,10
LF:9
LH:9
BRDA:17,0,0,1
BRDA:17,0,1,1
BRDA:25,1,0,2
BRDA:25,1,1,8
BRF:4
BRH:4
end_of_record
TN:
SF:src\saga\loadDataSaga.ts
FN:9,fetchAsync
FN:19,fetchModels
FN:31,modelsLoadSaga
FNF:3
FNH:3
FNDA:3,fetchAsync
FNDA:3,fetchModels
FNDA:9,modelsLoadSaga
DA:12,3
DA:13,3
DA:14,2
DA:16,1
DA:20,3
DA:21,3
DA:22,2
DA:23,2
DA:28,1
DA:32,9
LF:10
LH:10
BRDA:13,0,0,2
BRDA:13,0,1,1
BRF:2
BRH:2
end_of_record
TN:
SF:src\saga\rootSaga.ts
FN:4,rootSaga
FNF:1
FNH:1
FNDA:7,rootSaga
DA:5,7
LF:1
LH:1
BRF:0
BRH:0
end_of_record
TN:
SF:src\threejs\Perspective.ts
FN:19,(anonymous_0)
FNF:1
FNH:1
FNDA:26,(anonymous_0)
DA:10,8
DA:19,8
DA:20,26
DA:22,25
DA:24,0
DA:26,1
DA:28,0
DA:30,0
DA:32,0
LF:9
LH:5
BRDA:20,0,0,25
BRDA:20,0,1,0
BRDA:20,0,2,1
BRDA:20,0,3,0
BRDA:20,0,4,0
BRDA:20,0,5,0
BRF:6
BRH:2
end_of_record
TN:
SF:src\threejs\SectionHelper.ts
FN:4,(anonymous_0)
FN:6,(anonymous_1)
FN:7,(anonymous_2)
FN:18,(anonymous_3)
FN:27,(anonymous_4)
FN:30,setPointOfIntersection
FN:84,getContours
FN:112,collectContour
FN:135,getNearestPointIndex
FN:145,getPairIndex
FN:159,equalsVec
FNF:11
FNH:11
FNDA:4,(anonymous_0)
FNDA:7,(anonymous_1)
FNDA:7,(anonymous_2)
FNDA:7,(anonymous_3)
FNDA:7,(anonymous_4)
FNDA:54,setPointOfIntersection
FNDA:6,getContours
FNDA:13,collectContour
FNDA:13,getNearestPointIndex
FNDA:13,getPairIndex
FNDA:7,equalsVec
DA:2,6
DA:4,6
DA:5,4
DA:6,7
DA:7,7
DA:18,6
DA:19,7
DA:20,7
DA:21,7
DA:22,7
DA:23,7
DA:24,7
DA:25,7
DA:27,7
DA:28,7
DA:29,7
DA:30,7
DA:36,54
DA:37,54
DA:38,54
DA:39,54
DA:40,26
DA:50,7
DA:51,18
DA:52,18
DA:53,18
DA:55,18
DA:56,18
DA:57,18
DA:58,18
DA:60,7
DA:61,6
DA:63,6
DA:64,6
DA:66,0
DA:67,0
DA:69,6
DA:70,6
DA:71,6
DA:72,6
DA:73,19
DA:74,19
DA:76,6
DA:77,6
DA:78,6
DA:80,6
DA:89,6
DA:91,6
DA:92,6
DA:93,6
DA:94,6
DA:95,6
DA:96,6
DA:97,6
DA:98,6
DA:99,6
DA:100,6
DA:102,6
DA:103,6
DA:105,6
DA:106,6
DA:107,0
DA:109,6
DA:117,13
DA:118,13
DA:119,6
DA:121,7
DA:122,7
DA:123,7
DA:124,7
DA:125,7
DA:126,7
DA:127,7
DA:128,7
DA:130,0
DA:131,0
DA:136,13
DA:137,89
DA:138,89
DA:139,7
DA:142,6
DA:150,13
DA:151,82
DA:152,82
DA:153,13
DA:156,0
DA:160,7
DA:166,7
LF:88
LH:82
BRDA:39,0,0,26
BRDA:39,0,1,28
BRDA:60,1,0,6
BRDA:60,1,1,1
BRDA:76,2,0,6
BRDA:76,2,1,0
BRDA:92,3,0,0
BRDA:92,3,1,6
BRDA:102,4,0,6
BRDA:102,4,1,0
BRDA:106,5,0,0
BRDA:106,5,1,6
BRDA:118,6,0,6
BRDA:118,6,1,7
BRDA:126,7,0,7
BRDA:126,7,1,0
BRDA:138,8,0,7
BRDA:138,8,1,82
BRDA:138,9,0,89
BRDA:138,9,1,7
BRDA:152,10,0,13
BRDA:152,10,1,69
BRDA:152,11,0,82
BRDA:152,11,1,69
BRDA:152,11,2,13
BRDA:161,12,0,7
BRDA:161,12,1,7
BRDA:161,12,2,7
BRF:28
BRH:23
end_of_record
TN:
SF:src\threejs\ViewStyles.ts
FNF:0
FNH:0
DA:9,9
LF:1
LH:1
BRF:0
BRH:0
end_of_record
TN:
SF:src\threejs\materials\CircleMaterial.tsx
FN:32,(anonymous_0)
FN:61,(anonymous_1)
FNF:2
FNH:2
FNDA:2,(anonymous_0)
FNDA:2,(anonymous_1)
DA:3,6
DA:32,6
DA:33,2
DA:61,6
DA:62,2
LF:5
LH:5
BRF:0
BRH:0
end_of_record
TN:
SF:src\threejs\mesh\ModelMesh.tsx
FN:13,(anonymous_0)
FN:15,(anonymous_1)
FN:17,(anonymous_2)
FNF:3
FNH:3
FNDA:9,(anonymous_0)
FNDA:9,(anonymous_1)
FNDA:9,(anonymous_2)
DA:13,5
DA:15,9
DA:16,9
DA:21,9
DA:25,9
DA:34,9
DA:35,1
DA:42,8
DA:43,1
DA:50,7
LF:10
LH:10
BRDA:34,0,0,1
BRDA:34,0,1,8
BRDA:42,1,0,1
BRDA:42,1,1,7
BRDA:56,2,0,1
BRDA:56,2,1,6
BRF:6
BRH:6
end_of_record
TN:
SF:src\threejs\sections\Section.tsx
FN:7,(anonymous_0)
FN:10,(anonymous_1)
FNF:2
FNH:2
FNDA:4,(anonymous_0)
FNDA:4,(anonymous_1)
DA:7,6
DA:8,4
DA:11,4
LF:3
LH:3
BRF:0
BRH:0
end_of_record
TN:
SF:src\threejs\sections\Sections.tsx
FN:11,(anonymous_0)
FN:13,(anonymous_1)
FN:14,(anonymous_2)
FN:18,(anonymous_3)
FNF:4
FNH:4
FNDA:2,(anonymous_0)
FNDA:5,(anonymous_1)
FNDA:3,(anonymous_2)
FNDA:3,(anonymous_3)
DA:11,5
DA:12,2
DA:13,5
DA:14,3
DA:15,2
DA:16,2
DA:20,3
LF:7
LH:7
BRF:0
BRH:0
end_of_record
TN:
SF:src\threejs\viewer\Viewer.tsx
FN:16,(anonymous_0)
FN:20,(anonymous_1)
FNF:2
FNH:2
FNDA:26,(anonymous_0)
FNDA:18,(anonymous_1)
DA:13,3
DA:16,3
DA:17,26
DA:20,26
DA:21,18
DA:27,12
DA:29,6
DA:30,6
DA:32,6
DA:34,6
DA:36,26
LF:11
LH:11
BRDA:21,0,0,12
BRDA:21,0,1,6
BRDA:22,1,0,18
BRDA:22,1,1,15
BRDA:22,1,2,15
BRDA:22,1,3,15
BRF:6
BRH:6
end_of_record
TN:
SF:src\threejs\viewergroup\ViewerGroup.tsx
FN:18,(anonymous_0)
FN:25,(anonymous_1)
FN:26,(anonymous_2)
FN:27,(anonymous_3)
FN:48,(anonymous_4)
FNF:5
FNH:5
FNDA:3,(anonymous_0)
FNDA:6,(anonymous_1)
FNDA:5,(anonymous_2)
FNDA:3,(anonymous_3)
FNDA:3,(anonymous_4)
DA:17,4
DA:18,4
DA:24,3
DA:25,6
DA:26,5
DA:29,3
DA:48,4
DA:53,3
DA:56,3
DA:62,3
DA:63,1
DA:67,3
LF:12
LH:12
BRDA:31,0,0,2
BRDA:31,0,1,1
BRDA:35,1,0,1
BRDA:35,1,1,2
BRDA:37,2,0,1
BRDA:37,2,1,0
BRDA:60,3,0,1
BRDA:60,3,1,2
BRDA:62,4,0,1
BRDA:62,4,1,2
BRF:10
BRH:9
end_of_record
TN:
SF:src\utils\CheckboxPropagation.ts
FN:10,(anonymous_0)
FN:35,(anonymous_1)
FN:43,(anonymous_2)
FN:48,(anonymous_3)
FN:56,(anonymous_4)
FN:59,(anonymous_5)
FNF:6
FNH:6
FNDA:17,(anonymous_0)
FNDA:6,(anonymous_1)
FNDA:21,(anonymous_2)
FNDA:13,(anonymous_3)
FNDA:16,(anonymous_4)
FNDA:29,(anonymous_5)
DA:10,9
DA:16,17
DA:22,13
DA:23,13
DA:24,13
DA:26,13
DA:27,13
DA:28,6
DA:30,13
DA:32,4
DA:35,9
DA:41,6
DA:43,6
DA:44,21
DA:48,9
DA:55,13
DA:56,13
DA:57,16
DA:58,16
DA:59,29
DA:62,16
DA:63,9
DA:66,7
LF:23
LH:23
BRDA:16,0,0,13
BRDA:16,0,1,4
BRDA:17,1,0,17
BRDA:17,1,1,5
BRDA:17,1,2,16
BRDA:17,1,3,15
BRDA:17,1,4,14
BRDA:17,1,5,7
BRDA:27,2,0,6
BRDA:27,2,1,7
BRDA:62,3,0,9
BRDA:62,3,1,7
BRDA:63,4,0,6
BRDA:63,4,1,3
BRDA:66,5,0,6
BRDA:66,5,1,1
BRF:16
BRH:16
end_of_record
TN:
SF:src\utils\FillCenterHelper.ts
FN:3,(anonymous_0)
FN:4,(anonymous_1)
FN:11,(anonymous_2)
FNF:3
FNH:3
FNDA:5,(anonymous_0)
FNDA:13,(anonymous_1)
FNDA:11,(anonymous_2)
DA:3,10
DA:4,5
DA:5,13
DA:6,11
DA:11,10
DA:12,11
DA:13,11
DA:14,11
DA:15,11
DA:16,39
DA:17,39
DA:18,39
DA:20,11
DA:21,11
LF:14
LH:14
BRDA:5,0,0,11
BRDA:5,0,1,2
BRDA:5,1,0,13
BRDA:5,1,1,12
BRF:4
BRH:4
end_of_record
TN:
SF:src\utils\TreePathHelper.ts
FN:3,(anonymous_0)
FN:9,(anonymous_1)
FN:14,(anonymous_2)
FN:32,(anonymous_3)
FN:48,(anonymous_4)
FNF:5
FNH:5
FNDA:466,(anonymous_0)
FNDA:513,(anonymous_1)
FNDA:16,(anonymous_2)
FNDA:19,(anonymous_3)
FNDA:9,(anonymous_4)
DA:3,10
DA:4,466
DA:9,10
DA:10,513
DA:14,10
DA:19,16
DA:20,16
DA:21,16
DA:22,23
DA:23,23
DA:24,23
DA:25,19
DA:26,19
DA:29,16
DA:32,10
DA:33,19
DA:34,19
DA:35,19
DA:37,19
DA:38,78
DA:39,78
DA:40,32
DA:41,46
DA:42,13
DA:45,6
DA:48,10
DA:49,9
DA:50,9
DA:51,9
DA:53,9
DA:54,34
DA:55,34
DA:56,26
DA:58,8
DA:61,1
LF:35
LH:35
BRDA:4,0,0,466
BRDA:4,0,1,465
BRDA:4,0,2,446
BRDA:4,0,3,445
BRDA:10,1,0,453
BRDA:10,1,1,60
BRDA:24,2,0,19
BRDA:24,2,1,4
BRDA:39,3,0,32
BRDA:39,3,1,46
BRDA:41,4,0,13
BRDA:41,4,1,33
BRDA:55,5,0,26
BRDA:55,5,1,8
BRF:14
BRH:14
end_of_record
TN:
SF:src\utils\TreeTransform.ts
FN:3,(anonymous_0)
FN:4,(anonymous_1)
FN:8,(anonymous_2)
FN:14,(anonymous_3)
FN:15,(anonymous_4)
FN:22,(anonymous_5)
FN:30,(anonymous_6)
FN:36,(anonymous_7)
FN:40,(anonymous_8)
FN:43,(anonymous_9)
FN:45,(anonymous_10)
FNF:11
FNH:11
FNDA:11,(anonymous_0)
FNDA:77,(anonymous_1)
FNDA:187,(anonymous_2)
FNDA:454,(anonymous_3)
FNDA:147,(anonymous_4)
FNDA:77,(anonymous_5)
FNDA:154,(anonymous_6)
FNDA:187,(anonymous_7)
FNDA:147,(anonymous_8)
FNDA:147,(anonymous_9)
FNDA:147,(anonymous_10)
DA:3,10
DA:4,11
DA:5,77
DA:7,77
DA:8,77
DA:9,187
DA:11,77
DA:12,77
DA:14,454
DA:15,11
DA:16,147
DA:22,11
DA:23,77
DA:24,77
DA:25,77
DA:26,77
DA:28,11
DA:30,10
DA:31,154
DA:36,10
DA:37,187
DA:40,10
DA:41,147
DA:43,147
DA:45,147
LF:25
LH:25
BRDA:7,0,0,73
BRDA:7,0,1,4
BRDA:7,1,0,2
BRDA:7,1,1,2
BRDA:31,2,0,6
BRDA:31,2,1,148
BRF:6
BRH:6
end_of_record
